2024-08-11 11:12:41,114 - Real-time price of BTCUSDT: 61200.00
2024-08-11 11:12:41,116 - Current portfolio value: $10000.00
2024-08-11 11:13:41,432 - Real-time price of BTCUSDT: 61193.48
2024-08-11 11:13:41,432 - Current portfolio value: $10000.00
2024-08-11 11:14:41,709 - Real-time price of BTCUSDT: 61224.67
2024-08-11 11:14:41,710 - Current portfolio value: $10000.00
2024-08-11 11:15:41,991 - Real-time price of BTCUSDT: 61236.37
2024-08-11 11:15:41,991 - Current portfolio value: $10000.00
2024-08-11 11:16:42,373 - Real-time price of BTCUSDT: 61248.63
2024-08-11 11:16:42,373 - Current portfolio value: $10000.00
2024-08-11 11:17:42,686 - Real-time price of BTCUSDT: 61277.25
2024-08-11 11:17:42,686 - Current portfolio value: $10000.00
2024-08-11 11:18:43,009 - Real-time price of BTCUSDT: 61280.00
2024-08-11 11:18:43,009 - Current portfolio value: $10000.00
2024-08-11 11:19:43,322 - Real-time price of BTCUSDT: 61288.00
2024-08-11 11:19:43,322 - Current portfolio value: $10000.00
2024-08-11 11:20:43,607 - Real-time price of BTCUSDT: 61274.00
2024-08-11 11:20:43,607 - Current portfolio value: $10000.00
2024-08-11 11:21:43,951 - Real-time price of BTCUSDT: 61291.99
2024-08-11 11:21:43,951 - Current portfolio value: $10000.00
2024-08-11 11:22:44,263 - Real-time price of BTCUSDT: 61292.01
2024-08-11 11:22:44,264 - Current portfolio value: $10000.00
2024-08-11 11:23:44,548 - Real-time price of BTCUSDT: 61276.01
2024-08-11 11:23:44,548 - Current portfolio value: $10000.00
2024-08-11 11:24:44,891 - Real-time price of BTCUSDT: 61261.98
2024-08-11 11:24:44,891 - Current portfolio value: $10000.00
2024-08-11 11:25:45,205 - Real-time price of BTCUSDT: 61276.00
2024-08-11 11:25:45,206 - Current portfolio value: $10000.00
2024-08-11 11:26:45,519 - Real-time price of BTCUSDT: 61275.99
2024-08-11 11:26:45,519 - Current portfolio value: $10000.00
2024-08-11 11:27:45,833 - Real-time price of BTCUSDT: 61262.02
2024-08-11 11:27:45,833 - Current portfolio value: $10000.00
2024-08-11 11:28:46,147 - Real-time price of BTCUSDT: 61240.00
2024-08-11 11:28:46,147 - Current portfolio value: $10000.00
2024-08-11 11:29:46,461 - Real-time price of BTCUSDT: 61192.37
2024-08-11 11:29:46,461 - Current portfolio value: $10000.00
2024-08-11 11:30:46,775 - Real-time price of BTCUSDT: 61218.40
2024-08-11 11:30:46,775 - Current portfolio value: $10000.00
2024-08-11 11:31:47,089 - Real-time price of BTCUSDT: 61200.00
2024-08-11 11:31:47,089 - Current portfolio value: $10000.00
2024-08-11 11:32:47,402 - Real-time price of BTCUSDT: 61172.22
2024-08-11 11:32:47,402 - Current portfolio value: $10000.00
2024-08-11 11:33:47,716 - Real-time price of BTCUSDT: 61174.01
2024-08-11 11:33:47,716 - Current portfolio value: $10000.00
2024-08-11 11:34:48,035 - Real-time price of BTCUSDT: 61210.59
2024-08-11 11:34:48,035 - Current portfolio value: $10000.00
2024-08-11 11:35:48,350 - Real-time price of BTCUSDT: 61224.47
2024-08-11 11:35:48,350 - Current portfolio value: $10000.00
2024-08-11 11:36:48,664 - Real-time price of BTCUSDT: 61215.99
2024-08-11 11:36:48,664 - Current portfolio value: $10000.00
2024-08-11 11:37:48,977 - Real-time price of BTCUSDT: 61235.02
2024-08-11 11:37:48,977 - Current portfolio value: $10000.00
2024-08-11 11:38:49,292 - Real-time price of BTCUSDT: 61230.02
2024-08-11 11:38:49,292 - Current portfolio value: $10000.00
2024-08-11 11:39:49,606 - Real-time price of BTCUSDT: 61224.49
2024-08-11 11:39:49,606 - Current portfolio value: $10000.00
2024-08-11 11:40:49,895 - Real-time price of BTCUSDT: 61235.00
2024-08-11 11:40:49,895 - Current portfolio value: $10000.00
2024-08-11 11:41:50,172 - Real-time price of BTCUSDT: 61250.01
2024-08-11 11:41:50,172 - Current portfolio value: $10000.00
2024-08-11 11:42:50,548 - Real-time price of BTCUSDT: 61255.99
2024-08-11 11:42:50,548 - Current portfolio value: $10000.00
2024-08-11 11:43:50,861 - Real-time price of BTCUSDT: 61259.39
2024-08-11 11:43:50,862 - Current portfolio value: $10000.00
2024-08-11 11:44:51,144 - Real-time price of BTCUSDT: 61255.01
2024-08-11 11:44:51,144 - Current portfolio value: $10000.00
2024-08-11 11:45:51,422 - Real-time price of BTCUSDT: 61255.00
2024-08-11 11:45:51,422 - Current portfolio value: $10000.00
2024-08-11 11:46:51,804 - Real-time price of BTCUSDT: 61271.42
2024-08-11 11:46:51,804 - Current portfolio value: $10000.00
2024-08-11 11:47:52,118 - Real-time price of BTCUSDT: 61308.73
2024-08-11 11:47:52,118 - Current portfolio value: $10000.00
2024-08-11 11:48:52,431 - Real-time price of BTCUSDT: 61348.00
2024-08-11 11:48:52,431 - Current portfolio value: $10000.00
2024-08-11 11:49:52,746 - Real-time price of BTCUSDT: 61328.14
2024-08-11 11:49:52,748 - Current portfolio value: $10000.00
2024-08-11 11:50:53,033 - Real-time price of BTCUSDT: 61338.26
2024-08-11 11:50:53,034 - Current portfolio value: $10000.00
2024-08-11 11:51:53,373 - Real-time price of BTCUSDT: 61374.99
2024-08-11 11:51:53,374 - Current portfolio value: $10000.00
2024-08-11 11:52:53,668 - Real-time price of BTCUSDT: 61351.08
2024-08-11 11:52:53,670 - Current portfolio value: $10000.00
2024-08-11 11:53:53,980 - Real-time price of BTCUSDT: 61304.01
2024-08-11 11:53:53,980 - Current portfolio value: $10000.00
2024-08-11 11:54:54,294 - Real-time price of BTCUSDT: 61311.70
2024-08-11 11:54:54,296 - Current portfolio value: $10000.00
2024-08-11 11:55:54,608 - Real-time price of BTCUSDT: 61290.43
2024-08-11 11:55:54,608 - Current portfolio value: $10000.00
2024-08-11 11:56:54,921 - Real-time price of BTCUSDT: 61290.42
2024-08-11 11:56:54,922 - Current portfolio value: $10000.00
2024-08-11 11:57:55,235 - Real-time price of BTCUSDT: 61272.00
2024-08-11 11:57:55,235 - Current portfolio value: $10000.00
2024-08-11 11:58:55,549 - Real-time price of BTCUSDT: 61269.99
2024-08-11 11:58:55,551 - Current portfolio value: $10000.00
2024-08-11 11:59:55,862 - Real-time price of BTCUSDT: 61260.42
2024-08-11 11:59:55,862 - Current portfolio value: $10000.00
2024-08-11 12:00:56,143 - Real-time price of BTCUSDT: 61228.00
2024-08-11 12:00:56,145 - Current portfolio value: $10000.00
2024-08-11 12:01:56,489 - Real-time price of BTCUSDT: 61290.00
2024-08-11 12:01:56,490 - Current portfolio value: $10000.00
2024-08-11 12:02:56,802 - Real-time price of BTCUSDT: 61269.98
2024-08-11 12:02:56,804 - Current portfolio value: $10000.00
2024-08-11 12:03:57,117 - Real-time price of BTCUSDT: 61295.85
2024-08-11 12:03:57,119 - Current portfolio value: $10000.00
2024-08-11 12:04:57,400 - Real-time price of BTCUSDT: 61300.42
2024-08-11 12:04:57,402 - Current portfolio value: $10000.00
2024-08-11 12:05:57,744 - Real-time price of BTCUSDT: 61256.02
2024-08-11 12:05:57,744 - Current portfolio value: $10000.00
2024-08-11 12:06:58,058 - Real-time price of BTCUSDT: 61255.25
2024-08-11 12:06:58,058 - Current portfolio value: $10000.00
2024-08-11 12:07:58,371 - Real-time price of BTCUSDT: 61273.63
2024-08-11 12:07:58,373 - Current portfolio value: $10000.00
2024-08-11 12:08:58,685 - Real-time price of BTCUSDT: 61278.43
2024-08-11 12:08:58,686 - Current portfolio value: $10000.00
2024-08-11 12:09:58,966 - Real-time price of BTCUSDT: 61278.39
2024-08-11 12:09:58,968 - Current portfolio value: $10000.00
2024-08-11 12:10:59,247 - Real-time price of BTCUSDT: 61301.30
2024-08-11 12:10:59,249 - Current portfolio value: $10000.00
2024-08-11 12:11:59,652 - Real-time price of BTCUSDT: 61328.69
2024-08-11 12:11:59,653 - Current portfolio value: $10000.00
2024-08-11 12:12:59,967 - Real-time price of BTCUSDT: 61349.79
2024-08-11 12:12:59,969 - Current portfolio value: $10000.00
2024-08-11 12:14:00,281 - Real-time price of BTCUSDT: 61300.01
2024-08-11 12:14:00,283 - Current portfolio value: $10000.00
2024-08-11 12:15:00,570 - Real-time price of BTCUSDT: 61289.47
2024-08-11 12:15:00,571 - Current portfolio value: $10000.00
2024-08-11 12:16:00,848 - Real-time price of BTCUSDT: 61305.22
2024-08-11 12:16:00,848 - Current portfolio value: $10000.00
2024-08-11 12:17:01,126 - Real-time price of BTCUSDT: 61328.69
2024-08-11 12:17:01,126 - Current portfolio value: $10000.00
2024-08-11 12:18:01,435 - Real-time price of BTCUSDT: 61311.93
2024-08-11 12:18:01,435 - Current portfolio value: $10000.00
2024-08-11 12:19:01,749 - Real-time price of BTCUSDT: 61326.76
2024-08-11 12:19:01,751 - Current portfolio value: $10000.00
2024-08-11 12:20:02,029 - Real-time price of BTCUSDT: 61381.82
2024-08-11 12:20:02,031 - Current portfolio value: $10000.00
2024-08-11 12:21:02,376 - Real-time price of BTCUSDT: 61692.00
2024-08-11 12:21:02,376 - Current portfolio value: $10000.00
2024-08-11 12:22:02,653 - Real-time price of BTCUSDT: 61574.01
2024-08-11 12:22:02,653 - Current portfolio value: $10000.00
2024-08-11 12:23:03,005 - Real-time price of BTCUSDT: 61562.02
2024-08-11 12:23:03,005 - Current portfolio value: $10000.00
2024-08-11 12:24:03,319 - Real-time price of BTCUSDT: 61616.91
2024-08-11 12:24:03,319 - Current portfolio value: $10000.00
2024-08-11 12:25:03,632 - Real-time price of BTCUSDT: 61523.99
2024-08-11 12:25:03,634 - Current portfolio value: $10000.00
2024-08-11 12:26:03,920 - Real-time price of BTCUSDT: 61448.00
2024-08-11 12:26:03,921 - Current portfolio value: $10000.00
2024-08-11 12:27:04,261 - Real-time price of BTCUSDT: 61468.00
2024-08-11 12:27:04,261 - Current portfolio value: $10000.00
2024-08-11 12:28:04,575 - Real-time price of BTCUSDT: 61414.01
2024-08-11 12:28:04,577 - Current portfolio value: $10000.00
2024-08-11 12:29:04,857 - Real-time price of BTCUSDT: 61421.80
2024-08-11 12:29:04,858 - Current portfolio value: $10000.00
2024-08-11 12:30:05,136 - Real-time price of BTCUSDT: 61438.00
2024-08-11 12:30:05,138 - Current portfolio value: $10000.00
2024-08-11 12:31:05,423 - Real-time price of BTCUSDT: 61472.01
2024-08-11 12:31:05,423 - Current portfolio value: $10000.00
2024-08-11 12:32:05,883 - Real-time price of BTCUSDT: 61498.00
2024-08-11 12:32:05,886 - Current portfolio value: $10000.00
2024-08-11 12:33:06,246 - Real-time price of BTCUSDT: 61334.54
2024-08-11 12:33:06,248 - Current portfolio value: $10000.00
2024-08-11 14:10:57,376 - Error occurred: ('Connection aborted.', RemoteDisconnected('Remote end closed connection without response'))
2024-08-11 14:11:57,769 - Real-time price of BTCUSDT: 60738.00
2024-08-11 14:11:57,769 - Current portfolio value: $10000.00
2024-08-11 14:14:24,119 - Real-time price of BTCUSDT: 60729.06
2024-08-11 14:14:24,119 - Current portfolio value: $10000.00
2024-08-11 14:15:24,411 - Real-time price of BTCUSDT: 60751.31
2024-08-11 14:15:24,413 - Current portfolio value: $10000.00
2024-08-11 14:16:24,703 - Real-time price of BTCUSDT: 60695.65
2024-08-11 14:16:24,704 - Current portfolio value: $10000.00
2024-08-11 14:17:25,032 - Real-time price of BTCUSDT: 60643.98
2024-08-11 14:17:25,032 - Current portfolio value: $10000.00
2024-08-11 14:18:25,346 - Real-time price of BTCUSDT: 60703.99
2024-08-11 14:18:25,346 - Current portfolio value: $10000.00
2024-08-11 14:19:25,622 - Real-time price of BTCUSDT: 60680.01
2024-08-11 14:19:25,624 - Current portfolio value: $10000.00
2024-08-11 14:20:25,975 - Real-time price of BTCUSDT: 60746.00
2024-08-11 14:20:25,975 - Current portfolio value: $10000.00
2024-08-11 14:21:26,289 - Real-time price of BTCUSDT: 60676.00
2024-08-11 14:21:26,289 - Current portfolio value: $10000.00
2024-08-11 14:22:26,603 - Real-time price of BTCUSDT: 60693.84
2024-08-11 14:22:26,603 - Current portfolio value: $10000.00
2024-08-11 14:23:26,918 - Real-time price of BTCUSDT: 60660.00
2024-08-11 14:23:26,918 - Current portfolio value: $10000.00
2024-08-11 14:24:27,201 - Real-time price of BTCUSDT: 60550.00
2024-08-11 14:24:27,201 - Current portfolio value: $10000.00
2024-08-11 14:25:27,546 - Real-time price of BTCUSDT: 60567.99
2024-08-11 14:25:27,547 - Current portfolio value: $10000.00
2024-08-11 14:26:27,861 - Real-time price of BTCUSDT: 60685.99
2024-08-11 14:26:27,861 - Current portfolio value: $10000.00
2024-08-11 14:27:28,141 - Real-time price of BTCUSDT: 60706.00
2024-08-11 14:27:28,142 - Current portfolio value: $10000.00
2024-08-11 14:28:28,489 - Real-time price of BTCUSDT: 60727.14
2024-08-11 14:28:28,489 - Current portfolio value: $10000.00
2024-08-11 14:29:28,802 - Real-time price of BTCUSDT: 60673.68
2024-08-11 14:29:28,802 - Current portfolio value: $10000.00
2024-08-11 14:30:29,087 - Real-time price of BTCUSDT: 60640.01
2024-08-11 14:30:29,087 - Current portfolio value: $10000.00
2024-08-11 14:31:29,429 - Real-time price of BTCUSDT: 60686.90
2024-08-11 14:31:29,429 - Current portfolio value: $10000.00
2024-08-11 14:32:29,742 - Real-time price of BTCUSDT: 60718.00
2024-08-11 14:32:29,743 - Current portfolio value: $10000.00
2024-08-11 14:33:30,032 - Real-time price of BTCUSDT: 60727.99
2024-08-11 14:33:30,033 - Current portfolio value: $10000.00
2024-08-11 14:34:30,372 - Real-time price of BTCUSDT: 60711.99
2024-08-11 14:34:30,372 - Current portfolio value: $10000.00
2024-08-11 14:35:30,686 - Real-time price of BTCUSDT: 60730.01
2024-08-11 14:35:30,686 - Current portfolio value: $10000.00
2024-08-11 14:36:31,000 - Real-time price of BTCUSDT: 60734.01
2024-08-11 14:36:31,000 - Current portfolio value: $10000.00
2024-08-11 14:37:31,315 - Real-time price of BTCUSDT: 60762.15
2024-08-11 14:37:31,315 - Current portfolio value: $10000.00
2024-08-11 14:38:31,629 - Real-time price of BTCUSDT: 60707.14
2024-08-11 14:38:31,629 - Current portfolio value: $10000.00
2024-08-11 14:39:31,951 - Real-time price of BTCUSDT: 60734.01
2024-08-11 14:39:31,951 - Current portfolio value: $10000.00
2024-08-11 14:40:32,240 - Real-time price of BTCUSDT: 60691.34
2024-08-11 14:40:32,240 - Current portfolio value: $10000.00
2024-08-11 14:41:32,571 - Real-time price of BTCUSDT: 60659.44
2024-08-11 14:41:32,571 - Current portfolio value: $10000.00
2024-08-11 14:42:32,855 - Real-time price of BTCUSDT: 60609.42
2024-08-11 14:42:32,855 - Current portfolio value: $10000.00
2024-08-11 14:43:33,200 - Real-time price of BTCUSDT: 60513.99
2024-08-11 14:43:33,200 - Current portfolio value: $10000.00
2024-08-11 14:44:33,514 - Real-time price of BTCUSDT: 60482.02
2024-08-11 14:44:33,514 - Current portfolio value: $10000.00
2024-08-11 14:45:33,828 - Real-time price of BTCUSDT: 60476.01
2024-08-11 14:45:33,828 - Current portfolio value: $10000.00
2024-08-11 14:46:34,101 - Real-time price of BTCUSDT: 60548.39
2024-08-11 14:46:34,102 - Current portfolio value: $10000.00
2024-08-11 14:47:34,448 - Real-time price of BTCUSDT: 60564.01
2024-08-11 14:47:34,448 - Current portfolio value: $10000.00
2024-08-11 14:48:34,761 - Real-time price of BTCUSDT: 60532.80
2024-08-11 14:48:34,761 - Current portfolio value: $10000.00
2024-08-11 14:49:35,076 - Real-time price of BTCUSDT: 60545.59
2024-08-11 14:49:35,076 - Current portfolio value: $10000.00
2024-08-11 14:50:35,354 - Real-time price of BTCUSDT: 60607.21
2024-08-11 14:50:35,354 - Current portfolio value: $10000.00
2024-08-11 14:51:35,705 - Real-time price of BTCUSDT: 60616.00
2024-08-11 14:51:35,705 - Current portfolio value: $10000.00
2024-08-11 14:52:36,018 - Real-time price of BTCUSDT: 60618.22
2024-08-11 14:52:36,018 - Current portfolio value: $10000.00
2024-08-11 14:53:36,332 - Real-time price of BTCUSDT: 60621.64
2024-08-11 14:53:36,332 - Current portfolio value: $10000.00
2024-08-11 14:54:36,646 - Real-time price of BTCUSDT: 60626.00
2024-08-11 14:54:36,647 - Current portfolio value: $10000.00
2024-08-11 14:55:36,960 - Real-time price of BTCUSDT: 60644.00
2024-08-11 14:55:36,960 - Current portfolio value: $10000.00
2024-08-11 14:56:37,275 - Real-time price of BTCUSDT: 60660.01
2024-08-11 14:56:37,275 - Current portfolio value: $10000.00
2024-08-11 14:57:37,589 - Real-time price of BTCUSDT: 60660.00
2024-08-11 14:57:37,590 - Current portfolio value: $10000.00
2024-08-11 14:58:37,904 - Real-time price of BTCUSDT: 60671.99
2024-08-11 14:58:37,904 - Current portfolio value: $10000.00
2024-08-11 14:59:38,187 - Real-time price of BTCUSDT: 60674.00
2024-08-11 14:59:38,187 - Current portfolio value: $10000.00
2024-08-11 15:00:38,531 - Real-time price of BTCUSDT: 60673.99
2024-08-11 15:00:38,532 - Current portfolio value: $10000.00
2024-08-11 15:01:38,845 - Real-time price of BTCUSDT: 60690.56
2024-08-11 15:01:38,846 - Current portfolio value: $10000.00
2024-08-11 15:02:39,159 - Real-time price of BTCUSDT: 60626.00
2024-08-11 15:02:39,160 - Current portfolio value: $10000.00
2024-08-11 15:03:39,471 - Real-time price of BTCUSDT: 60646.00
2024-08-11 15:03:39,471 - Current portfolio value: $10000.00
2024-08-11 15:04:39,785 - Real-time price of BTCUSDT: 60611.99
2024-08-11 15:04:39,785 - Current portfolio value: $10000.00
2024-08-11 15:05:40,069 - Real-time price of BTCUSDT: 60575.99
2024-08-11 15:05:40,069 - Current portfolio value: $10000.00
2024-08-11 15:06:40,412 - Real-time price of BTCUSDT: 60576.01
2024-08-11 15:06:40,413 - Current portfolio value: $10000.00
2024-08-11 15:07:40,728 - Real-time price of BTCUSDT: 60546.62
2024-08-11 15:07:40,728 - Current portfolio value: $10000.00
2024-08-11 15:08:41,009 - Real-time price of BTCUSDT: 60554.00
2024-08-11 15:08:41,009 - Current portfolio value: $10000.00
2024-08-11 15:09:41,356 - Real-time price of BTCUSDT: 60534.00
2024-08-11 15:09:41,358 - Current portfolio value: $10000.00
2024-08-11 15:10:41,658 - Real-time price of BTCUSDT: 60494.00
2024-08-11 15:10:41,665 - Current portfolio value: $10000.00
2024-08-11 15:11:41,983 - Real-time price of BTCUSDT: 60526.00
2024-08-11 15:11:41,985 - Current portfolio value: $10000.00
2024-08-11 15:12:42,297 - Real-time price of BTCUSDT: 60499.99
2024-08-11 15:12:42,299 - Current portfolio value: $10000.00
2024-08-11 15:13:42,612 - Real-time price of BTCUSDT: 60384.00
2024-08-11 15:13:42,613 - Current portfolio value: $10000.00
2024-08-11 15:14:42,899 - Real-time price of BTCUSDT: 60308.49
2024-08-11 15:14:42,901 - Current portfolio value: $10000.00
2024-08-11 15:15:43,178 - Real-time price of BTCUSDT: 60319.99
2024-08-11 15:15:43,178 - Current portfolio value: $10000.00
2024-08-11 15:16:43,460 - Real-time price of BTCUSDT: 60395.29
2024-08-11 15:16:43,460 - Current portfolio value: $10000.00
2024-08-11 15:17:43,765 - Real-time price of BTCUSDT: 60377.99
2024-08-11 15:17:43,765 - Current portfolio value: $10000.00
2024-08-11 15:18:44,079 - Real-time price of BTCUSDT: 60458.99
2024-08-11 15:18:44,081 - Current portfolio value: $10000.00
2024-08-11 15:19:44,394 - Real-time price of BTCUSDT: 60426.01
2024-08-11 15:19:44,395 - Current portfolio value: $10000.00
2024-08-11 15:20:44,707 - Real-time price of BTCUSDT: 60387.91
2024-08-11 15:20:44,708 - Current portfolio value: $10000.00
2024-08-11 15:21:45,020 - Real-time price of BTCUSDT: 60482.00
2024-08-11 15:21:45,020 - Current portfolio value: $10000.00
2024-08-11 15:22:45,333 - Real-time price of BTCUSDT: 60475.98
2024-08-11 15:22:45,333 - Current portfolio value: $10000.00
2024-08-11 15:23:45,614 - Real-time price of BTCUSDT: 60500.00
2024-08-11 15:23:45,614 - Current portfolio value: $10000.00
2024-08-11 15:24:45,958 - Real-time price of BTCUSDT: 60526.38
2024-08-11 15:24:45,958 - Current portfolio value: $10000.00
2024-08-11 15:25:46,275 - Real-time price of BTCUSDT: 60528.28
2024-08-11 15:25:46,275 - Current portfolio value: $10000.00
2024-08-11 15:26:46,589 - Real-time price of BTCUSDT: 60544.00
2024-08-11 15:26:46,589 - Current portfolio value: $10000.00
2024-08-11 15:27:46,903 - Real-time price of BTCUSDT: 60544.00
2024-08-11 15:27:46,903 - Current portfolio value: $10000.00
2024-08-11 15:28:47,217 - Real-time price of BTCUSDT: 60526.00
2024-08-11 15:28:47,217 - Current portfolio value: $10000.00
2024-08-11 15:29:47,532 - Real-time price of BTCUSDT: 60530.00
2024-08-11 15:29:47,533 - Current portfolio value: $10000.00
2024-08-11 15:30:47,844 - Real-time price of BTCUSDT: 60540.02
2024-08-11 15:30:47,844 - Current portfolio value: $10000.00
2024-08-11 15:31:48,160 - Real-time price of BTCUSDT: 60495.56
2024-08-11 15:31:48,160 - Current portfolio value: $10000.00
2024-08-11 15:32:48,475 - Real-time price of BTCUSDT: 60467.99
2024-08-11 15:32:48,475 - Current portfolio value: $10000.00
2024-08-11 15:33:48,787 - Real-time price of BTCUSDT: 60531.99
2024-08-11 15:33:48,788 - Current portfolio value: $10000.00
2024-08-11 15:34:49,102 - Real-time price of BTCUSDT: 60465.65
2024-08-11 15:34:49,102 - Current portfolio value: $10000.00
2024-08-11 15:35:49,384 - Real-time price of BTCUSDT: 60436.00
2024-08-11 15:35:49,384 - Current portfolio value: $10000.00
2024-08-11 15:36:49,729 - Real-time price of BTCUSDT: 60413.98
2024-08-11 15:36:49,729 - Current portfolio value: $10000.00
2024-08-11 15:37:50,044 - Real-time price of BTCUSDT: 60447.99
2024-08-11 15:37:50,044 - Current portfolio value: $10000.00
2024-08-11 15:38:50,358 - Real-time price of BTCUSDT: 60440.00
2024-08-11 15:38:50,358 - Current portfolio value: $10000.00
2024-08-11 15:39:50,684 - Real-time price of BTCUSDT: 60424.00
2024-08-11 15:39:50,684 - Current portfolio value: $10000.00
2024-08-11 15:40:51,000 - Real-time price of BTCUSDT: 60455.00
2024-08-11 15:40:51,000 - Current portfolio value: $10000.00
2024-08-11 15:41:51,314 - Real-time price of BTCUSDT: 60440.00
2024-08-11 15:41:51,314 - Current portfolio value: $10000.00
2024-08-11 15:42:51,628 - Real-time price of BTCUSDT: 60475.50
2024-08-11 15:42:51,628 - Current portfolio value: $10000.00
2024-08-11 16:56:48,259 - Error occurred: ('Connection aborted.', RemoteDisconnected('Remote end closed connection without response'))
2024-08-11 16:57:48,670 - Real-time price of BTCUSDT: 60457.54
2024-08-11 16:57:48,670 - Current portfolio value: $10000.00
2024-08-11 16:58:48,951 - Real-time price of BTCUSDT: 60435.07
2024-08-11 16:58:48,952 - Current portfolio value: $10000.00
2024-08-11 16:59:49,232 - Real-time price of BTCUSDT: 60457.53
2024-08-11 16:59:49,232 - Current portfolio value: $10000.00
2024-08-11 17:00:49,515 - Real-time price of BTCUSDT: 60468.47
2024-08-11 17:00:49,515 - Current portfolio value: $10000.00
2024-08-11 17:01:49,839 - Real-time price of BTCUSDT: 60451.30
2024-08-11 17:01:49,839 - Current portfolio value: $10000.00
2024-08-11 17:02:50,153 - Real-time price of BTCUSDT: 60403.92
2024-08-11 17:02:50,153 - Current portfolio value: $10000.00
2024-08-11 17:03:50,467 - Real-time price of BTCUSDT: 60416.25
2024-08-11 17:03:50,467 - Current portfolio value: $10000.00
2024-08-11 17:04:50,742 - Real-time price of BTCUSDT: 60491.32
2024-08-11 17:04:50,744 - Current portfolio value: $10000.00
2024-08-11 17:05:51,095 - Real-time price of BTCUSDT: 60406.00
2024-08-11 17:05:51,096 - Current portfolio value: $10000.00
2024-08-11 17:06:51,376 - Real-time price of BTCUSDT: 60315.23
2024-08-11 17:06:51,376 - Current portfolio value: $10000.00
2024-08-11 17:07:51,657 - Real-time price of BTCUSDT: 60378.32
2024-08-11 17:07:51,657 - Current portfolio value: $10000.00
2024-08-11 17:08:51,937 - Real-time price of BTCUSDT: 60329.81
2024-08-11 17:08:51,937 - Current portfolio value: $10000.00
2024-08-11 17:09:52,252 - Real-time price of BTCUSDT: 60342.66
2024-08-11 17:09:52,252 - Current portfolio value: $10000.00
2024-08-11 17:10:52,565 - Real-time price of BTCUSDT: 60311.14
2024-08-11 17:10:52,566 - Current portfolio value: $10000.00
2024-08-11 17:11:52,856 - Real-time price of BTCUSDT: 60326.13
2024-08-11 17:11:52,857 - Current portfolio value: $10000.00
2024-08-11 17:12:53,163 - Real-time price of BTCUSDT: 60408.00
2024-08-11 17:12:53,163 - Current portfolio value: $10000.00
2024-08-11 17:13:53,476 - Real-time price of BTCUSDT: 60460.00
2024-08-11 17:13:53,476 - Current portfolio value: $10000.00
2024-08-11 17:14:53,821 - Real-time price of BTCUSDT: 60468.00
2024-08-11 17:14:53,821 - Current portfolio value: $10000.00
2024-08-11 17:15:54,129 - Real-time price of BTCUSDT: 60460.01
2024-08-11 17:15:54,130 - Current portfolio value: $10000.00
2024-08-11 17:16:54,419 - Real-time price of BTCUSDT: 60466.00
2024-08-11 17:16:54,421 - Current portfolio value: $10000.00
2024-08-11 17:17:54,707 - Real-time price of BTCUSDT: 60505.99
2024-08-11 17:17:54,709 - Current portfolio value: $10000.00
2024-08-11 17:18:54,988 - Real-time price of BTCUSDT: 60512.00
2024-08-11 17:18:54,988 - Current portfolio value: $10000.00
2024-08-11 17:19:55,266 - Real-time price of BTCUSDT: 60508.01
2024-08-11 17:19:55,268 - Current portfolio value: $10000.00
2024-08-11 17:20:55,573 - Real-time price of BTCUSDT: 60536.29
2024-08-11 17:20:55,573 - Current portfolio value: $10000.00
2024-08-11 17:21:55,888 - Real-time price of BTCUSDT: 60589.98
2024-08-11 17:21:55,888 - Current portfolio value: $10000.00
2024-08-11 17:22:56,202 - Real-time price of BTCUSDT: 60576.01
2024-08-11 17:22:56,202 - Current portfolio value: $10000.00
2024-08-11 17:23:56,516 - Real-time price of BTCUSDT: 60596.00
2024-08-11 17:23:56,518 - Current portfolio value: $10000.00
2024-08-11 17:24:56,800 - Real-time price of BTCUSDT: 60560.00
2024-08-11 17:24:56,800 - Current portfolio value: $10000.00
2024-08-11 17:25:57,079 - Real-time price of BTCUSDT: 60528.57
2024-08-11 17:25:57,079 - Current portfolio value: $10000.00
2024-08-11 17:26:57,459 - Real-time price of BTCUSDT: 60538.38
2024-08-11 17:26:57,459 - Current portfolio value: $10000.00
2024-08-11 17:27:57,741 - Real-time price of BTCUSDT: 60515.17
2024-08-11 17:27:57,741 - Current portfolio value: $10000.00
2024-08-11 17:28:58,087 - Real-time price of BTCUSDT: 60479.99
2024-08-11 17:28:58,087 - Current portfolio value: $10000.00
2024-08-11 17:29:58,364 - Real-time price of BTCUSDT: 60526.14
2024-08-11 17:29:58,364 - Current portfolio value: $10000.00
2024-08-11 17:30:58,648 - Real-time price of BTCUSDT: 60521.43
2024-08-11 17:30:58,648 - Current portfolio value: $10000.00
2024-08-11 17:31:59,029 - Real-time price of BTCUSDT: 60546.20
2024-08-11 17:31:59,029 - Current portfolio value: $10000.00
2024-08-11 17:32:59,344 - Real-time price of BTCUSDT: 60518.00
2024-08-11 17:32:59,345 - Current portfolio value: $10000.00
2024-08-11 17:33:59,626 - Real-time price of BTCUSDT: 60548.79
2024-08-11 17:33:59,627 - Current portfolio value: $10000.00
2024-08-11 17:34:59,998 - Real-time price of BTCUSDT: 60534.47
2024-08-11 17:34:59,998 - Current portfolio value: $10000.00
2024-08-11 17:36:00,302 - Real-time price of BTCUSDT: 60592.89
2024-08-11 17:36:00,302 - Current portfolio value: $10000.00
2024-08-11 17:37:00,629 - Real-time price of BTCUSDT: 60698.52
2024-08-11 17:37:00,629 - Current portfolio value: $10000.00
2024-08-11 17:38:00,913 - Real-time price of BTCUSDT: 60638.00
2024-08-11 17:38:00,913 - Current portfolio value: $10000.00
2024-08-11 17:39:01,193 - Real-time price of BTCUSDT: 60614.29
2024-08-11 17:39:01,195 - Current portfolio value: $10000.00
2024-08-11 17:40:01,573 - Real-time price of BTCUSDT: 60598.01
2024-08-11 17:40:01,573 - Current portfolio value: $10000.00
2024-08-11 17:41:01,888 - Real-time price of BTCUSDT: 60506.00
2024-08-11 17:41:01,889 - Current portfolio value: $10000.00
2024-08-11 17:42:02,231 - Real-time price of BTCUSDT: 60409.99
2024-08-11 17:42:02,231 - Current portfolio value: $10000.00
2024-08-11 17:43:02,517 - Real-time price of BTCUSDT: 60478.00
2024-08-11 17:43:02,518 - Current portfolio value: $10000.00
2024-08-11 17:44:02,831 - Real-time price of BTCUSDT: 60508.02
2024-08-11 17:44:02,834 - Current portfolio value: $10000.00
2024-08-11 17:45:03,147 - Real-time price of BTCUSDT: 60500.00
2024-08-11 17:45:03,148 - Current portfolio value: $10000.00
2024-08-11 17:46:03,461 - Real-time price of BTCUSDT: 60480.00
2024-08-11 17:46:03,461 - Current portfolio value: $10000.00
2024-08-11 17:47:03,779 - Real-time price of BTCUSDT: 60481.28
2024-08-11 17:47:03,780 - Current portfolio value: $10000.00
2024-08-11 17:48:04,064 - Real-time price of BTCUSDT: 60406.02
2024-08-11 17:48:04,064 - Current portfolio value: $10000.00
2024-08-11 17:49:04,346 - Real-time price of BTCUSDT: 60424.00
2024-08-11 17:49:04,346 - Current portfolio value: $10000.00
2024-08-11 17:50:04,631 - Real-time price of BTCUSDT: 60387.99
2024-08-11 17:50:04,632 - Current portfolio value: $10000.00
2024-08-11 17:51:04,916 - Real-time price of BTCUSDT: 60401.99
2024-08-11 17:51:04,916 - Current portfolio value: $10000.00
2024-08-11 17:52:05,256 - Real-time price of BTCUSDT: 60390.93
2024-08-11 17:52:05,256 - Current portfolio value: $10000.00
2024-08-11 17:53:05,570 - Real-time price of BTCUSDT: 60379.99
2024-08-11 17:53:05,572 - Current portfolio value: $10000.00
2024-08-11 17:54:05,856 - Real-time price of BTCUSDT: 60323.47
2024-08-11 17:54:05,856 - Current portfolio value: $10000.00
2024-08-11 17:55:06,203 - Real-time price of BTCUSDT: 60285.00
2024-08-11 17:55:06,203 - Current portfolio value: $10000.00
2024-08-11 17:56:06,487 - Real-time price of BTCUSDT: 60279.12
2024-08-11 17:56:06,487 - Current portfolio value: $10000.00
2024-08-11 17:57:06,770 - Real-time price of BTCUSDT: 60339.99
2024-08-11 17:57:06,773 - Current portfolio value: $10000.00
2024-08-11 17:58:07,058 - Real-time price of BTCUSDT: 60346.00
2024-08-11 17:58:07,060 - Current portfolio value: $10000.00
2024-08-11 17:59:07,341 - Real-time price of BTCUSDT: 60320.00
2024-08-11 17:59:07,341 - Current portfolio value: $10000.00
2024-08-11 18:00:07,696 - Real-time price of BTCUSDT: 60350.01
2024-08-11 18:00:07,707 - Current portfolio value: $10000.00
2024-08-11 18:01:07,995 - Real-time price of BTCUSDT: 60280.00
2024-08-11 18:01:07,997 - Current portfolio value: $10000.00
2024-08-11 18:02:08,281 - Real-time price of BTCUSDT: 60276.00
2024-08-11 18:02:08,282 - Current portfolio value: $10000.00
2024-08-11 18:03:08,616 - Real-time price of BTCUSDT: 60213.24
2024-08-11 18:03:08,616 - Current portfolio value: $10000.00
2024-08-11 18:04:08,931 - Real-time price of BTCUSDT: 60217.99
2024-08-11 18:04:08,933 - Current portfolio value: $10000.00
2024-08-11 18:05:09,249 - Real-time price of BTCUSDT: 60108.00
2024-08-11 18:05:09,251 - Current portfolio value: $10000.00
2024-08-11 18:06:09,533 - Real-time price of BTCUSDT: 60150.00
2024-08-11 18:06:09,535 - Current portfolio value: $10000.00
2024-08-11 18:07:09,830 - Real-time price of BTCUSDT: 60164.01
2024-08-11 18:07:09,832 - Current portfolio value: $10000.00
2024-08-11 18:08:10,131 - Real-time price of BTCUSDT: 60134.01
2024-08-11 18:08:10,133 - Current portfolio value: $10000.00
2024-08-11 18:09:10,424 - Real-time price of BTCUSDT: 60036.38
2024-08-11 18:09:10,425 - Current portfolio value: $10000.00
2024-08-11 18:10:10,717 - Real-time price of BTCUSDT: 60027.99
2024-08-11 18:10:10,720 - Current portfolio value: $10000.00
2024-08-11 18:11:11,034 - Real-time price of BTCUSDT: 60181.99
2024-08-11 18:11:11,034 - Current portfolio value: $10000.00
2024-08-11 18:12:11,319 - Real-time price of BTCUSDT: 60218.00
2024-08-11 18:12:11,320 - Current portfolio value: $10000.00
2024-08-11 18:13:11,658 - Real-time price of BTCUSDT: 60238.01
2024-08-11 18:13:11,659 - Current portfolio value: $10000.00
2024-08-11 18:14:11,938 - Real-time price of BTCUSDT: 60230.00
2024-08-11 18:14:11,939 - Current portfolio value: $10000.00
2024-08-11 18:15:21,136 - Real-time price of BTCUSDT: 60210.49
2024-08-11 18:15:21,137 - Current portfolio value: $10000.00
2024-08-11 18:16:21,422 - Real-time price of BTCUSDT: 60270.62
2024-08-11 18:16:21,424 - Current portfolio value: $10000.00
2024-08-11 18:17:21,709 - Real-time price of BTCUSDT: 60312.59
2024-08-11 18:17:21,711 - Current portfolio value: $10000.00
2024-08-11 18:18:21,994 - Real-time price of BTCUSDT: 60333.97
2024-08-11 18:18:21,995 - Current portfolio value: $10000.00
2024-08-11 18:19:22,276 - Real-time price of BTCUSDT: 60341.60
2024-08-11 18:19:22,277 - Current portfolio value: $10000.00
2024-08-11 18:20:22,573 - Real-time price of BTCUSDT: 60275.01
2024-08-11 18:20:22,575 - Current portfolio value: $10000.00
2024-08-11 18:21:22,864 - Real-time price of BTCUSDT: 60300.00
2024-08-11 18:21:22,865 - Current portfolio value: $10000.00
2024-08-11 18:22:23,200 - Real-time price of BTCUSDT: 60304.00
2024-08-11 18:22:23,200 - Current portfolio value: $10000.00
2024-08-11 18:23:23,483 - Real-time price of BTCUSDT: 60337.24
2024-08-11 18:23:23,486 - Current portfolio value: $10000.00
2024-08-11 18:24:23,830 - Real-time price of BTCUSDT: 60411.99
2024-08-11 18:24:23,831 - Current portfolio value: $10000.00
2024-08-11 18:25:24,116 - Real-time price of BTCUSDT: 60372.01
2024-08-11 18:25:24,117 - Current portfolio value: $10000.00
2024-08-11 18:26:24,398 - Real-time price of BTCUSDT: 60373.53
2024-08-11 18:26:24,399 - Current portfolio value: $10000.00
2024-08-11 18:27:24,681 - Real-time price of BTCUSDT: 60397.95
2024-08-11 18:27:24,683 - Current portfolio value: $10000.00
2024-08-11 18:28:24,986 - Real-time price of BTCUSDT: 60411.90
2024-08-11 18:28:24,990 - Current portfolio value: $10000.00
2024-08-11 18:29:25,302 - Real-time price of BTCUSDT: 60383.99
2024-08-11 18:29:25,302 - Current portfolio value: $10000.00
2024-08-11 18:30:25,593 - Real-time price of BTCUSDT: 60409.99
2024-08-11 18:30:25,596 - Current portfolio value: $10000.00
2024-08-11 18:31:25,885 - Real-time price of BTCUSDT: 60346.00
2024-08-11 18:31:25,887 - Current portfolio value: $10000.00
2024-08-11 18:32:26,317 - Real-time price of BTCUSDT: 60297.10
2024-08-11 18:32:26,319 - Current portfolio value: $10000.00
2024-08-11 18:33:26,664 - Real-time price of BTCUSDT: 60337.81
2024-08-11 18:33:26,666 - Current portfolio value: $10000.00
2024-08-11 18:34:26,978 - Real-time price of BTCUSDT: 60278.14
2024-08-11 18:34:26,980 - Current portfolio value: $10000.00
2024-08-11 18:35:27,292 - Real-time price of BTCUSDT: 60272.01
2024-08-11 18:35:27,293 - Current portfolio value: $10000.00
2024-08-11 18:36:27,608 - Real-time price of BTCUSDT: 60262.89
2024-08-11 18:36:27,608 - Current portfolio value: $10000.00
2024-08-11 18:37:27,832 - Real-time price of BTCUSDT: 60288.01
2024-08-11 18:37:27,834 - Current portfolio value: $10000.00
2024-08-11 18:38:28,116 - Real-time price of BTCUSDT: 60253.99
2024-08-11 18:38:28,118 - Current portfolio value: $10000.00
2024-08-11 18:39:28,492 - Real-time price of BTCUSDT: 60222.00
2024-08-11 18:39:28,494 - Current portfolio value: $10000.00
2024-08-11 18:40:28,808 - Real-time price of BTCUSDT: 60204.80
2024-08-11 18:40:28,809 - Current portfolio value: $10000.00
2024-08-11 18:41:29,098 - Real-time price of BTCUSDT: 60257.99
2024-08-11 18:41:29,099 - Current portfolio value: $10000.00
2024-08-11 18:42:29,378 - Real-time price of BTCUSDT: 60288.00
2024-08-11 18:42:29,380 - Current portfolio value: $10000.00
2024-08-11 18:43:29,750 - Real-time price of BTCUSDT: 60240.57
2024-08-11 18:43:29,752 - Current portfolio value: $10000.00
2024-08-11 18:44:30,062 - Real-time price of BTCUSDT: 60247.68
2024-08-11 18:44:30,065 - Current portfolio value: $10000.00
2024-08-11 18:45:30,344 - Real-time price of BTCUSDT: 60258.63
2024-08-11 18:45:30,346 - Current portfolio value: $10000.00
2024-08-11 18:46:30,627 - Real-time price of BTCUSDT: 60246.00
2024-08-11 18:46:30,629 - Current portfolio value: $10000.00
2024-08-11 18:47:30,909 - Real-time price of BTCUSDT: 60208.72
2024-08-11 18:47:30,911 - Current portfolio value: $10000.00
2024-08-11 18:48:31,216 - Real-time price of BTCUSDT: 60181.98
2024-08-11 18:48:31,218 - Current portfolio value: $10000.00
2024-08-11 18:49:31,531 - Real-time price of BTCUSDT: 60196.10
2024-08-11 18:49:31,533 - Current portfolio value: $10000.00
2024-08-11 18:50:31,845 - Real-time price of BTCUSDT: 60154.00
2024-08-11 18:50:31,846 - Current portfolio value: $10000.00
2024-08-11 18:51:32,158 - Real-time price of BTCUSDT: 60228.00
2024-08-11 18:51:32,159 - Current portfolio value: $10000.00
2024-08-11 18:52:32,483 - Real-time price of BTCUSDT: 60228.92
2024-08-11 18:52:32,485 - Current portfolio value: $10000.00
2024-08-11 18:53:32,801 - Real-time price of BTCUSDT: 60204.81
2024-08-11 18:53:32,803 - Current portfolio value: $10000.00
2024-08-11 18:54:33,086 - Real-time price of BTCUSDT: 60153.40
2024-08-11 18:54:33,088 - Current portfolio value: $10000.00
2024-08-11 18:55:33,429 - Real-time price of BTCUSDT: 60094.19
2024-08-11 18:55:33,431 - Current portfolio value: $10000.00
2024-08-11 18:56:33,711 - Real-time price of BTCUSDT: 60062.00
2024-08-11 18:56:33,711 - Current portfolio value: $10000.00
2024-08-11 18:57:34,058 - Real-time price of BTCUSDT: 60110.00
2024-08-11 18:57:34,059 - Current portfolio value: $10000.00
2024-08-11 18:58:34,373 - Real-time price of BTCUSDT: 60133.67
2024-08-11 18:58:34,373 - Current portfolio value: $10000.00
2024-08-11 18:59:34,687 - Real-time price of BTCUSDT: 60117.31
2024-08-11 18:59:34,687 - Current portfolio value: $10000.00
2024-08-11 19:00:34,965 - Real-time price of BTCUSDT: 60122.13
2024-08-11 19:00:34,966 - Current portfolio value: $10000.00
2024-08-11 19:01:35,315 - Real-time price of BTCUSDT: 60086.00
2024-08-11 19:01:35,315 - Current portfolio value: $10000.00
2024-08-11 19:02:35,592 - Real-time price of BTCUSDT: 60062.00
2024-08-11 19:02:35,592 - Current portfolio value: $10000.00
2024-08-11 19:03:35,944 - Real-time price of BTCUSDT: 60154.00
2024-08-11 19:03:35,944 - Current portfolio value: $10000.00
2024-08-11 19:04:36,257 - Real-time price of BTCUSDT: 60189.02
2024-08-11 19:04:36,257 - Current portfolio value: $10000.00
2024-08-11 19:05:36,542 - Real-time price of BTCUSDT: 60188.00
2024-08-11 19:05:36,543 - Current portfolio value: $10000.00
2024-08-11 19:06:36,820 - Real-time price of BTCUSDT: 60234.01
2024-08-11 19:06:36,820 - Current portfolio value: $10000.00
2024-08-11 19:07:37,538 - Real-time price of BTCUSDT: 60201.01
2024-08-11 19:07:37,538 - Current portfolio value: $10000.00
2024-08-11 19:08:37,913 - Real-time price of BTCUSDT: 60175.93
2024-08-11 19:08:37,913 - Current portfolio value: $10000.00
2024-08-11 19:09:38,221 - Real-time price of BTCUSDT: 60158.74
2024-08-11 19:09:38,221 - Current portfolio value: $10000.00
2024-08-11 19:10:38,535 - Real-time price of BTCUSDT: 60027.99
2024-08-11 19:10:38,535 - Current portfolio value: $10000.00
2024-08-11 19:11:38,848 - Real-time price of BTCUSDT: 60057.98
2024-08-11 19:11:38,849 - Current portfolio value: $10000.00
2024-08-11 19:12:39,163 - Real-time price of BTCUSDT: 59999.98
2024-08-11 19:12:39,165 - Bought 0.1 BTC at price 59999.98
2024-08-11 19:12:39,166 - Current portfolio value: $4000.00
2024-08-11 19:13:39,476 - Real-time price of BTCUSDT: 60025.61
2024-08-11 19:13:39,476 - Current portfolio value: $4000.00
2024-08-11 19:14:39,763 - Real-time price of BTCUSDT: 60047.99
2024-08-11 19:14:39,763 - Current portfolio value: $4000.00
2024-08-11 19:15:40,106 - Real-time price of BTCUSDT: 60026.00
2024-08-11 19:15:40,106 - Current portfolio value: $4000.00
2024-08-11 19:16:40,419 - Real-time price of BTCUSDT: 60099.99
2024-08-11 19:16:40,419 - Current portfolio value: $4000.00
2024-08-11 19:17:40,733 - Real-time price of BTCUSDT: 60026.02
2024-08-11 19:17:40,733 - Current portfolio value: $4000.00
2024-08-11 19:18:41,051 - Real-time price of BTCUSDT: 60088.00
2024-08-11 19:18:41,051 - Current portfolio value: $4000.00
2024-08-11 19:19:41,361 - Real-time price of BTCUSDT: 60061.00
2024-08-11 19:19:41,361 - Current portfolio value: $4000.00
2024-08-11 19:20:41,675 - Real-time price of BTCUSDT: 60074.00
2024-08-11 19:20:41,676 - Current portfolio value: $4000.00
2024-08-11 19:21:41,989 - Real-time price of BTCUSDT: 60152.00
2024-08-11 19:21:41,989 - Current portfolio value: $4000.00
2024-08-11 19:22:42,303 - Real-time price of BTCUSDT: 60054.43
2024-08-11 19:22:42,303 - Current portfolio value: $4000.00
2024-08-11 19:23:42,584 - Real-time price of BTCUSDT: 60043.40
2024-08-11 19:23:42,584 - Current portfolio value: $4000.00
2024-08-11 19:24:42,878 - Real-time price of BTCUSDT: 60095.31
2024-08-11 19:24:42,879 - Current portfolio value: $4000.00
2024-08-11 19:25:43,245 - Real-time price of BTCUSDT: 60041.99
2024-08-11 19:25:43,246 - Current portfolio value: $4000.00
2024-08-11 19:26:43,559 - Real-time price of BTCUSDT: 60107.81
2024-08-11 19:26:43,559 - Current portfolio value: $4000.00
2024-08-11 19:27:43,843 - Real-time price of BTCUSDT: 60144.05
2024-08-11 19:27:43,843 - Current portfolio value: $4000.00
2024-08-11 19:28:44,155 - Real-time price of BTCUSDT: 60159.99
2024-08-11 19:28:44,155 - Current portfolio value: $4000.00
2024-08-11 19:29:44,469 - Real-time price of BTCUSDT: 60196.49
2024-08-11 19:29:44,469 - Current portfolio value: $4000.00
2024-08-11 19:30:44,783 - Real-time price of BTCUSDT: 60212.01
2024-08-11 19:30:44,783 - Current portfolio value: $4000.00
2024-08-11 19:31:45,096 - Real-time price of BTCUSDT: 60191.38
2024-08-11 19:31:45,097 - Current portfolio value: $4000.00
2024-08-11 19:32:45,410 - Real-time price of BTCUSDT: 60229.14
2024-08-11 19:32:45,410 - Current portfolio value: $4000.00
2024-08-11 19:33:45,687 - Real-time price of BTCUSDT: 60248.67
2024-08-11 19:33:45,687 - Current portfolio value: $4000.00
2024-08-11 19:34:46,036 - Real-time price of BTCUSDT: 60250.20
2024-08-11 19:34:46,036 - Current portfolio value: $4000.00
2024-08-11 19:35:46,351 - Real-time price of BTCUSDT: 60258.23
2024-08-11 19:35:46,351 - Current portfolio value: $4000.00
2024-08-11 19:36:46,763 - Real-time price of BTCUSDT: 60285.84
2024-08-11 19:36:46,763 - Current portfolio value: $4000.00
2024-08-11 19:37:47,080 - Real-time price of BTCUSDT: 60240.00
2024-08-11 19:37:47,080 - Current portfolio value: $4000.00
2024-08-11 19:38:47,394 - Real-time price of BTCUSDT: 60251.81
2024-08-11 19:38:47,394 - Current portfolio value: $4000.00
2024-08-11 19:39:47,707 - Real-time price of BTCUSDT: 60285.84
2024-08-11 19:39:47,707 - Current portfolio value: $4000.00
2024-08-11 19:40:48,021 - Real-time price of BTCUSDT: 60232.27
2024-08-11 19:40:48,021 - Current portfolio value: $4000.00
2024-08-11 19:41:48,335 - Real-time price of BTCUSDT: 60209.54
2024-08-11 19:41:48,335 - Current portfolio value: $4000.00
2024-08-11 19:42:48,648 - Real-time price of BTCUSDT: 60194.02
2024-08-11 19:42:48,648 - Current portfolio value: $4000.00
2024-08-11 19:43:48,962 - Real-time price of BTCUSDT: 60213.77
2024-08-11 19:43:48,962 - Current portfolio value: $4000.00
2024-08-11 19:44:49,274 - Real-time price of BTCUSDT: 60185.64
2024-08-11 19:44:49,275 - Current portfolio value: $4000.00
2024-08-11 19:45:49,589 - Real-time price of BTCUSDT: 60144.00
2024-08-11 19:45:49,589 - Current portfolio value: $4000.00
2024-08-11 19:46:49,907 - Real-time price of BTCUSDT: 60148.01
2024-08-11 19:46:49,907 - Current portfolio value: $4000.00
2024-08-11 19:47:50,215 - Real-time price of BTCUSDT: 60144.01
2024-08-11 19:47:50,215 - Current portfolio value: $4000.00
2024-08-11 19:48:50,558 - Real-time price of BTCUSDT: 60167.27
2024-08-11 19:48:50,558 - Current portfolio value: $4000.00
2024-08-11 19:49:50,872 - Real-time price of BTCUSDT: 60188.96
2024-08-11 19:49:50,872 - Current portfolio value: $4000.00
2024-08-11 19:50:51,186 - Real-time price of BTCUSDT: 60185.98
2024-08-11 19:50:51,187 - Current portfolio value: $4000.00
2024-08-11 19:51:51,504 - Real-time price of BTCUSDT: 60242.00
2024-08-11 19:51:51,505 - Current portfolio value: $4000.00
2024-08-11 19:52:51,786 - Real-time price of BTCUSDT: 60234.94
2024-08-11 19:52:51,789 - Current portfolio value: $4000.00
2024-08-11 19:53:52,070 - Real-time price of BTCUSDT: 60212.53
2024-08-11 19:53:52,070 - Current portfolio value: $4000.00
2024-08-11 19:54:52,387 - Real-time price of BTCUSDT: 60149.02
2024-08-11 19:54:52,387 - Current portfolio value: $4000.00
2024-08-11 19:55:52,733 - Real-time price of BTCUSDT: 60171.09
2024-08-11 19:55:52,733 - Current portfolio value: $4000.00
2024-08-11 19:56:53,012 - Real-time price of BTCUSDT: 60173.08
2024-08-11 19:56:53,020 - Current portfolio value: $4000.00
2024-08-11 19:57:53,324 - Real-time price of BTCUSDT: 60201.71
2024-08-11 19:57:53,324 - Current portfolio value: $4000.00
2024-08-11 19:58:53,801 - Real-time price of BTCUSDT: 60192.64
2024-08-11 19:58:53,802 - Current portfolio value: $4000.00
2024-08-11 19:59:54,081 - Real-time price of BTCUSDT: 60182.21
2024-08-11 19:59:54,081 - Current portfolio value: $4000.00
2024-08-11 20:00:54,838 - Real-time price of BTCUSDT: 60203.96
2024-08-11 20:00:54,839 - Current portfolio value: $4000.00
2024-08-11 20:01:55,152 - Real-time price of BTCUSDT: 60273.08
2024-08-11 20:01:55,153 - Current portfolio value: $4000.00
2024-08-11 20:02:55,437 - Real-time price of BTCUSDT: 60268.02
2024-08-11 20:02:55,439 - Current portfolio value: $4000.00
2024-08-11 20:03:55,790 - Real-time price of BTCUSDT: 60234.83
2024-08-11 20:03:55,790 - Current portfolio value: $4000.00
2024-08-11 20:04:56,076 - Real-time price of BTCUSDT: 60257.78
2024-08-11 20:04:56,077 - Current portfolio value: $4000.00
2024-08-11 20:05:56,368 - Real-time price of BTCUSDT: 60264.95
2024-08-11 20:05:56,368 - Current portfolio value: $4000.00
2024-08-11 20:06:56,645 - Real-time price of BTCUSDT: 60230.00
2024-08-11 20:06:56,646 - Current portfolio value: $4000.00
2024-08-11 20:07:56,939 - Real-time price of BTCUSDT: 60232.64
2024-08-11 20:07:56,941 - Current portfolio value: $4000.00
2024-08-11 20:08:57,247 - Real-time price of BTCUSDT: 60237.00
2024-08-11 20:08:57,247 - Current portfolio value: $4000.00
2024-08-11 20:09:57,562 - Real-time price of BTCUSDT: 60237.00
2024-08-11 20:09:57,564 - Current portfolio value: $4000.00
2024-08-11 20:10:57,880 - Real-time price of BTCUSDT: 60214.51
2024-08-11 20:10:57,880 - Current portfolio value: $4000.00
2024-08-11 20:11:58,177 - Real-time price of BTCUSDT: 60214.63
2024-08-11 20:11:58,178 - Current portfolio value: $4000.00
2024-08-11 20:12:58,465 - Real-time price of BTCUSDT: 60236.01
2024-08-11 20:12:58,467 - Current portfolio value: $4000.00
2024-08-11 20:13:58,803 - Real-time price of BTCUSDT: 60155.81
2024-08-11 20:13:58,805 - Current portfolio value: $4000.00
2024-08-11 20:14:59,116 - Real-time price of BTCUSDT: 60154.50
2024-08-11 20:14:59,118 - Current portfolio value: $4000.00
2024-08-11 20:15:59,432 - Real-time price of BTCUSDT: 60189.08
2024-08-11 20:15:59,434 - Current portfolio value: $4000.00
2024-08-11 20:16:59,744 - Real-time price of BTCUSDT: 60136.01
2024-08-11 20:16:59,744 - Current portfolio value: $4000.00
2024-08-11 20:18:00,059 - Real-time price of BTCUSDT: 60137.68
2024-08-11 20:18:00,060 - Current portfolio value: $4000.00
2024-08-11 20:19:00,372 - Real-time price of BTCUSDT: 60111.40
2024-08-11 20:19:00,373 - Current portfolio value: $4000.00
2024-08-11 20:20:00,686 - Real-time price of BTCUSDT: 60123.44
2024-08-11 20:20:00,686 - Current portfolio value: $4000.00
2024-08-11 20:21:01,001 - Real-time price of BTCUSDT: 60056.93
2024-08-11 20:21:01,001 - Current portfolio value: $4000.00
2024-08-11 20:22:01,281 - Real-time price of BTCUSDT: 60062.00
2024-08-11 20:22:01,281 - Current portfolio value: $4000.00
2024-08-11 20:23:01,560 - Real-time price of BTCUSDT: 60079.68
2024-08-11 20:23:01,564 - Current portfolio value: $4000.00
2024-08-11 20:24:01,942 - Real-time price of BTCUSDT: 60072.25
2024-08-11 20:24:01,942 - Current portfolio value: $4000.00
2024-08-11 20:25:02,226 - Real-time price of BTCUSDT: 60086.48
2024-08-11 20:25:02,226 - Current portfolio value: $4000.00
2024-08-11 20:26:02,569 - Real-time price of BTCUSDT: 60062.78
2024-08-11 20:26:02,569 - Current portfolio value: $4000.00
2024-08-11 20:27:02,883 - Real-time price of BTCUSDT: 60050.76
2024-08-11 20:27:02,883 - Current portfolio value: $4000.00
2024-08-11 20:28:03,597 - Real-time price of BTCUSDT: 60041.96
2024-08-11 20:28:03,599 - Current portfolio value: $4000.00
2024-08-11 20:29:03,899 - Real-time price of BTCUSDT: 60025.00
2024-08-11 20:29:03,901 - Current portfolio value: $4000.00
2024-08-11 20:30:04,186 - Real-time price of BTCUSDT: 60034.47
2024-08-11 20:30:04,193 - Current portfolio value: $4000.00
2024-08-11 20:31:04,565 - Real-time price of BTCUSDT: 60027.50
2024-08-11 20:31:04,565 - Current portfolio value: $4000.00
2024-08-11 20:32:04,848 - Real-time price of BTCUSDT: 60031.96
2024-08-11 20:32:04,848 - Current portfolio value: $4000.00
2024-08-11 20:33:05,137 - Real-time price of BTCUSDT: 60063.70
2024-08-11 20:33:05,140 - Current portfolio value: $4000.00
2024-08-11 20:34:05,507 - Real-time price of BTCUSDT: 60093.26
2024-08-11 20:34:05,507 - Current portfolio value: $4000.00
2024-08-11 20:35:05,792 - Real-time price of BTCUSDT: 60055.96
2024-08-11 20:35:05,792 - Current portfolio value: $4000.00
2024-08-11 20:36:06,094 - Real-time price of BTCUSDT: 60087.89
2024-08-11 20:36:06,095 - Current portfolio value: $4000.00
2024-08-11 20:37:06,376 - Real-time price of BTCUSDT: 60118.80
2024-08-11 20:37:06,378 - Current portfolio value: $4000.00
2024-08-11 20:38:06,661 - Real-time price of BTCUSDT: 60156.73
2024-08-11 20:38:06,661 - Current portfolio value: $4000.00
2024-08-11 20:39:06,975 - Real-time price of BTCUSDT: 60105.98
2024-08-11 20:39:06,976 - Current portfolio value: $4000.00
2024-08-11 20:40:07,289 - Real-time price of BTCUSDT: 60116.03
2024-08-11 20:40:07,290 - Current portfolio value: $4000.00
2024-08-11 20:41:07,603 - Real-time price of BTCUSDT: 60088.19
2024-08-11 20:41:07,604 - Current portfolio value: $4000.00
2024-08-11 20:42:08,067 - Real-time price of BTCUSDT: 60137.55
2024-08-11 20:42:08,076 - Current portfolio value: $4000.00
2024-08-11 20:43:08,436 - Real-time price of BTCUSDT: 60144.53
2024-08-11 20:43:08,436 - Current portfolio value: $4000.00
2024-08-11 20:44:08,719 - Real-time price of BTCUSDT: 60195.37
2024-08-11 20:44:08,719 - Current portfolio value: $4000.00
2024-08-11 20:45:09,064 - Real-time price of BTCUSDT: 60172.00
2024-08-11 20:45:09,064 - Current portfolio value: $4000.00
2024-08-11 20:46:09,353 - Real-time price of BTCUSDT: 60151.67
2024-08-11 20:46:09,353 - Current portfolio value: $4000.00
2024-08-11 20:47:09,663 - Real-time price of BTCUSDT: 60137.99
2024-08-11 20:47:09,664 - Current portfolio value: $4000.00
2024-08-11 20:48:09,952 - Real-time price of BTCUSDT: 60116.00
2024-08-11 20:48:09,952 - Current portfolio value: $4000.00
2024-08-11 20:49:10,233 - Real-time price of BTCUSDT: 60164.79
2024-08-11 20:49:10,235 - Current portfolio value: $4000.00
2024-08-11 20:50:10,604 - Real-time price of BTCUSDT: 60225.41
2024-08-11 20:50:10,605 - Current portfolio value: $4000.00
2024-08-11 20:51:10,891 - Real-time price of BTCUSDT: 60260.01
2024-08-11 20:51:10,892 - Current portfolio value: $4000.00
2024-08-11 20:52:11,231 - Real-time price of BTCUSDT: 60302.53
2024-08-11 20:52:11,231 - Current portfolio value: $4000.00
2024-08-11 20:53:11,545 - Real-time price of BTCUSDT: 60269.09
2024-08-11 20:53:11,547 - Current portfolio value: $4000.00
2024-08-11 20:54:11,859 - Real-time price of BTCUSDT: 60262.84
2024-08-11 20:54:11,859 - Current portfolio value: $4000.00
2024-08-11 20:55:12,173 - Real-time price of BTCUSDT: 60310.53
2024-08-11 20:55:12,173 - Current portfolio value: $4000.00
2024-08-11 20:56:12,488 - Real-time price of BTCUSDT: 60325.86
2024-08-11 20:56:12,488 - Current portfolio value: $4000.00
2024-08-11 20:57:12,782 - Real-time price of BTCUSDT: 60286.21
2024-08-11 20:57:12,784 - Current portfolio value: $4000.00
2024-08-11 20:58:13,113 - Real-time price of BTCUSDT: 60300.21
2024-08-11 20:58:13,115 - Current portfolio value: $4000.00
2024-08-11 20:59:13,427 - Real-time price of BTCUSDT: 60285.35
2024-08-11 20:59:13,429 - Current portfolio value: $4000.00
2024-08-11 21:00:13,711 - Real-time price of BTCUSDT: 60261.20
2024-08-11 21:00:13,713 - Current portfolio value: $4000.00
2024-08-11 21:01:14,062 - Real-time price of BTCUSDT: 60251.59
2024-08-11 21:01:14,062 - Current portfolio value: $4000.00
2024-08-11 21:02:14,369 - Real-time price of BTCUSDT: 60290.87
2024-08-11 21:02:14,371 - Current portfolio value: $4000.00
2024-08-11 21:03:14,682 - Real-time price of BTCUSDT: 60211.52
2024-08-11 21:03:14,682 - Current portfolio value: $4000.00
2024-08-11 21:04:14,985 - Real-time price of BTCUSDT: 60235.00
2024-08-11 21:04:14,986 - Current portfolio value: $4000.00
2024-08-11 21:05:15,292 - Real-time price of BTCUSDT: 60225.55
2024-08-11 21:05:15,293 - Current portfolio value: $4000.00
2024-08-11 21:06:15,576 - Real-time price of BTCUSDT: 60191.25
2024-08-11 21:06:15,577 - Current portfolio value: $4000.00
2024-08-11 21:07:15,857 - Real-time price of BTCUSDT: 60210.13
2024-08-11 21:07:15,857 - Current portfolio value: $4000.00
2024-08-11 21:08:16,143 - Real-time price of BTCUSDT: 60221.61
2024-08-11 21:08:16,143 - Current portfolio value: $4000.00
2024-08-11 21:09:16,499 - Real-time price of BTCUSDT: 60255.99
2024-08-11 21:09:16,499 - Current portfolio value: $4000.00
2024-08-11 21:10:16,859 - Real-time price of BTCUSDT: 60235.46
2024-08-11 21:10:16,859 - Current portfolio value: $4000.00
2024-08-11 21:11:17,140 - Real-time price of BTCUSDT: 60187.95
2024-08-11 21:11:17,140 - Current portfolio value: $4000.00
2024-08-11 21:12:17,427 - Real-time price of BTCUSDT: 60211.58
2024-08-11 21:12:17,427 - Current portfolio value: $4000.00
2024-08-11 21:13:17,799 - Real-time price of BTCUSDT: 60214.59
2024-08-11 21:13:17,799 - Current portfolio value: $4000.00
2024-08-11 21:14:18,113 - Real-time price of BTCUSDT: 60259.32
2024-08-11 21:14:18,115 - Current portfolio value: $4000.00
2024-08-11 21:15:18,397 - Real-time price of BTCUSDT: 60341.45
2024-08-11 21:15:18,398 - Current portfolio value: $4000.00
2024-08-11 21:16:18,706 - Real-time price of BTCUSDT: 60259.36
2024-08-11 21:16:18,708 - Current portfolio value: $4000.00
2024-08-11 21:17:19,003 - Real-time price of BTCUSDT: 60277.01
2024-08-11 21:17:19,004 - Current portfolio value: $4000.00
2024-08-11 21:18:19,287 - Real-time price of BTCUSDT: 60294.49
2024-08-11 21:18:19,289 - Current portfolio value: $4000.00
2024-08-11 21:19:19,679 - Real-time price of BTCUSDT: 60301.10
2024-08-11 21:19:19,680 - Current portfolio value: $4000.00
2024-08-11 21:20:19,993 - Real-time price of BTCUSDT: 60310.00
2024-08-11 21:20:19,995 - Current portfolio value: $4000.00
2024-08-11 21:21:20,282 - Real-time price of BTCUSDT: 60278.65
2024-08-11 21:21:20,282 - Current portfolio value: $4000.00
2024-08-11 21:22:20,573 - Real-time price of BTCUSDT: 60274.51
2024-08-11 21:22:20,574 - Current portfolio value: $4000.00
2024-08-11 21:23:20,888 - Real-time price of BTCUSDT: 60237.97
2024-08-11 21:23:20,888 - Current portfolio value: $4000.00
2024-08-11 21:24:21,214 - Real-time price of BTCUSDT: 60237.07
2024-08-11 21:24:21,215 - Current portfolio value: $4000.00
2024-08-11 21:25:21,512 - Real-time price of BTCUSDT: 60235.38
2024-08-11 21:25:21,513 - Current portfolio value: $4000.00
2024-08-11 21:26:21,799 - Real-time price of BTCUSDT: 60266.02
2024-08-11 21:26:21,801 - Current portfolio value: $4000.00
2024-08-11 21:27:22,083 - Real-time price of BTCUSDT: 60167.95
2024-08-11 21:27:22,084 - Current portfolio value: $4000.00
2024-08-11 21:28:22,451 - Real-time price of BTCUSDT: 60178.50
2024-08-11 21:28:22,451 - Current portfolio value: $4000.00
2024-08-11 21:29:22,765 - Real-time price of BTCUSDT: 60188.59
2024-08-11 21:29:22,765 - Current portfolio value: $4000.00
2024-08-11 21:30:23,077 - Real-time price of BTCUSDT: 60199.67
2024-08-11 21:30:23,077 - Current portfolio value: $4000.00
2024-08-11 21:31:23,390 - Real-time price of BTCUSDT: 60225.16
2024-08-11 21:31:23,393 - Current portfolio value: $4000.00
2024-08-11 21:32:23,676 - Real-time price of BTCUSDT: 60225.65
2024-08-11 21:32:23,677 - Current portfolio value: $4000.00
2024-08-11 21:33:23,972 - Real-time price of BTCUSDT: 60175.80
2024-08-11 21:33:23,974 - Current portfolio value: $4000.00
2024-08-11 21:34:24,330 - Real-time price of BTCUSDT: 60164.73
2024-08-11 21:34:24,331 - Current portfolio value: $4000.00
2024-08-11 21:35:24,638 - Real-time price of BTCUSDT: 60161.96
2024-08-11 21:35:24,638 - Current portfolio value: $4000.00
2024-08-11 21:36:24,941 - Real-time price of BTCUSDT: 60188.95
2024-08-11 21:36:24,943 - Current portfolio value: $4000.00
2024-08-11 21:37:25,269 - Real-time price of BTCUSDT: 60193.01
2024-08-11 21:37:25,269 - Current portfolio value: $4000.00
2024-08-11 21:38:25,580 - Real-time price of BTCUSDT: 60179.29
2024-08-11 21:38:25,582 - Current portfolio value: $4000.00
2024-08-11 21:39:25,935 - Real-time price of BTCUSDT: 60185.17
2024-08-11 21:39:25,935 - Current portfolio value: $4000.00
2024-08-11 21:40:26,252 - Real-time price of BTCUSDT: 60157.56
2024-08-11 21:40:26,253 - Current portfolio value: $4000.00
2024-08-11 21:41:26,566 - Real-time price of BTCUSDT: 60178.02
2024-08-11 21:41:26,566 - Current portfolio value: $4000.00
2024-08-11 21:42:26,880 - Real-time price of BTCUSDT: 60204.80
2024-08-11 21:42:26,881 - Current portfolio value: $4000.00
2024-08-11 21:43:27,192 - Real-time price of BTCUSDT: 60193.02
2024-08-11 21:43:27,192 - Current portfolio value: $4000.00
2024-08-11 21:44:27,472 - Real-time price of BTCUSDT: 60166.71
2024-08-11 21:44:27,474 - Current portfolio value: $4000.00
2024-08-11 21:45:27,757 - Real-time price of BTCUSDT: 60188.50
2024-08-11 21:45:27,758 - Current portfolio value: $4000.00
2024-08-11 21:46:28,045 - Real-time price of BTCUSDT: 60152.65
2024-08-11 21:46:28,045 - Current portfolio value: $4000.00
2024-08-11 21:47:29,369 - Real-time price of BTCUSDT: 60151.04
2024-08-11 21:47:29,371 - Current portfolio value: $4000.00
2024-08-11 21:48:29,686 - Real-time price of BTCUSDT: 60165.32
2024-08-11 21:48:29,688 - Current portfolio value: $4000.00
2024-08-11 21:49:30,000 - Real-time price of BTCUSDT: 60188.55
2024-08-11 21:49:30,003 - Current portfolio value: $4000.00
2024-08-11 21:50:30,329 - Real-time price of BTCUSDT: 60155.07
2024-08-11 21:50:30,332 - Current portfolio value: $4000.00
2024-08-11 21:51:30,616 - Real-time price of BTCUSDT: 60159.39
2024-08-11 21:51:30,618 - Current portfolio value: $4000.00
2024-08-11 21:52:30,935 - Real-time price of BTCUSDT: 60208.03
2024-08-11 21:52:30,937 - Current portfolio value: $4000.00
2024-08-11 21:53:31,253 - Real-time price of BTCUSDT: 60231.49
2024-08-11 21:53:31,257 - Current portfolio value: $4000.00
2024-08-11 21:54:31,667 - Real-time price of BTCUSDT: 60200.96
2024-08-11 21:54:31,667 - Current portfolio value: $4000.00
2024-08-11 21:55:32,188 - Real-time price of BTCUSDT: 60196.49
2024-08-11 21:55:32,192 - Current portfolio value: $4000.00
2024-08-11 21:56:32,496 - Real-time price of BTCUSDT: 60225.46
2024-08-11 21:56:32,499 - Current portfolio value: $4000.00
2024-08-11 21:57:32,793 - Real-time price of BTCUSDT: 60232.07
2024-08-11 21:57:32,795 - Current portfolio value: $4000.00
2024-08-11 21:58:33,079 - Real-time price of BTCUSDT: 60231.73
2024-08-11 21:58:33,083 - Current portfolio value: $4000.00
2024-08-11 21:59:33,440 - Real-time price of BTCUSDT: 60262.59
2024-08-11 21:59:33,441 - Current portfolio value: $4000.00
2024-08-11 22:00:33,745 - Real-time price of BTCUSDT: 60234.93
2024-08-11 22:00:33,747 - Current portfolio value: $4000.00
2024-08-11 22:01:34,058 - Real-time price of BTCUSDT: 60269.04
2024-08-11 22:01:34,059 - Current portfolio value: $4000.00
2024-08-11 22:02:34,481 - Real-time price of BTCUSDT: 60248.68
2024-08-11 22:02:34,482 - Current portfolio value: $4000.00
2024-08-11 22:03:34,843 - Real-time price of BTCUSDT: 60268.32
2024-08-11 22:03:34,845 - Current portfolio value: $4000.00
2024-08-11 22:04:35,209 - Real-time price of BTCUSDT: 60266.49
2024-08-11 22:04:35,209 - Current portfolio value: $4000.00
2024-08-11 22:05:35,522 - Real-time price of BTCUSDT: 60216.86
2024-08-11 22:05:35,525 - Current portfolio value: $4000.00
2024-08-11 22:06:35,835 - Real-time price of BTCUSDT: 60238.49
2024-08-11 22:06:35,838 - Current portfolio value: $4000.00
2024-08-11 22:07:36,123 - Real-time price of BTCUSDT: 60238.00
2024-08-11 22:07:36,124 - Current portfolio value: $4000.00
2024-08-11 22:08:36,480 - Real-time price of BTCUSDT: 60196.73
2024-08-11 22:08:36,482 - Current portfolio value: $4000.00
2024-08-11 22:09:36,833 - Real-time price of BTCUSDT: 60136.37
2024-08-11 22:09:36,833 - Current portfolio value: $4000.00
2024-08-11 22:10:37,147 - Real-time price of BTCUSDT: 60158.63
2024-08-11 22:10:37,149 - Current portfolio value: $4000.00
2024-08-11 22:11:37,449 - Real-time price of BTCUSDT: 60145.82
2024-08-11 22:11:37,449 - Current portfolio value: $4000.00
2024-08-11 22:12:37,781 - Real-time price of BTCUSDT: 60094.99
2024-08-11 22:12:37,781 - Current portfolio value: $4000.00
2024-08-11 22:13:38,068 - Real-time price of BTCUSDT: 60084.27
2024-08-11 22:13:38,070 - Current portfolio value: $4000.00
2024-08-11 22:14:38,398 - Real-time price of BTCUSDT: 60059.80
2024-08-11 22:14:38,400 - Current portfolio value: $4000.00
2024-08-11 22:15:38,719 - Real-time price of BTCUSDT: 60033.89
2024-08-11 22:15:38,720 - Current portfolio value: $4000.00
2024-08-11 22:16:39,036 - Real-time price of BTCUSDT: 60008.32
2024-08-11 22:16:39,039 - Current portfolio value: $4000.00
2024-08-11 22:17:39,346 - Real-time price of BTCUSDT: 60000.01
2024-08-11 22:17:39,346 - Current portfolio value: $4000.00
2024-08-11 22:18:39,631 - Real-time price of BTCUSDT: 60003.84
2024-08-11 22:18:39,632 - Current portfolio value: $4000.00
2024-08-11 22:19:39,942 - Real-time price of BTCUSDT: 59884.94
2024-08-11 22:19:39,944 - Bought 0.1 BTC at price 59884.94
2024-08-11 22:19:39,944 - Current portfolio value: $-1988.49
2024-08-11 22:20:40,230 - Real-time price of BTCUSDT: 59891.04
2024-08-11 22:20:40,231 - Current portfolio value: $-1988.49
2024-08-11 22:21:40,603 - Real-time price of BTCUSDT: 59841.64
2024-08-11 22:21:40,603 - Current portfolio value: $-1988.49
2024-08-11 22:22:40,886 - Real-time price of BTCUSDT: 59829.56
2024-08-11 22:22:40,887 - Current portfolio value: $-1988.49
2024-08-11 22:23:41,171 - Real-time price of BTCUSDT: 59749.67
2024-08-11 22:23:41,172 - Current portfolio value: $-1988.49
2024-08-11 22:24:41,577 - Real-time price of BTCUSDT: 59794.83
2024-08-11 22:24:41,578 - Current portfolio value: $-1988.49
2024-08-11 22:25:41,866 - Real-time price of BTCUSDT: 59808.65
2024-08-11 22:25:41,867 - Current portfolio value: $-1988.49
2024-08-11 22:26:42,212 - Real-time price of BTCUSDT: 59652.18
2024-08-11 22:26:42,213 - Current portfolio value: $-1988.49
2024-08-11 22:27:42,522 - Real-time price of BTCUSDT: 59688.51
2024-08-11 22:27:42,523 - Current portfolio value: $-1988.49
2024-08-11 22:28:42,838 - Real-time price of BTCUSDT: 59687.31
2024-08-11 22:28:42,838 - Current portfolio value: $-1988.49
2024-08-11 22:29:43,151 - Real-time price of BTCUSDT: 59697.50
2024-08-11 22:29:43,152 - Current portfolio value: $-1988.49
2024-08-11 22:30:43,466 - Real-time price of BTCUSDT: 59689.24
2024-08-11 22:30:43,466 - Current portfolio value: $-1988.49
2024-08-11 22:31:43,780 - Real-time price of BTCUSDT: 59696.00
2024-08-11 22:31:43,781 - Current portfolio value: $-1988.49
2024-08-11 22:32:44,098 - Real-time price of BTCUSDT: 59679.84
2024-08-11 22:32:44,099 - Current portfolio value: $-1988.49
2024-08-11 22:33:44,389 - Real-time price of BTCUSDT: 59574.74
2024-08-11 22:33:44,390 - Current portfolio value: $-1988.49
2024-08-11 22:34:44,724 - Real-time price of BTCUSDT: 59596.63
2024-08-11 22:34:44,727 - Current portfolio value: $-1988.49
2024-08-11 22:35:45,012 - Real-time price of BTCUSDT: 59620.08
2024-08-11 22:35:45,014 - Current portfolio value: $-1988.49
2024-08-11 22:36:45,357 - Real-time price of BTCUSDT: 59685.26
2024-08-11 22:36:45,360 - Current portfolio value: $-1988.49
2024-08-11 22:37:45,668 - Real-time price of BTCUSDT: 59646.27
2024-08-11 22:37:45,671 - Current portfolio value: $-1988.49
2024-08-11 22:38:45,983 - Real-time price of BTCUSDT: 59633.94
2024-08-11 22:38:45,984 - Current portfolio value: $-1988.49
2024-08-11 22:39:46,274 - Real-time price of BTCUSDT: 59599.77
2024-08-11 22:39:46,275 - Current portfolio value: $-1988.49
2024-08-11 22:40:46,564 - Real-time price of BTCUSDT: 59682.01
2024-08-11 22:40:46,566 - Current portfolio value: $-1988.49
2024-08-11 22:41:46,857 - Real-time price of BTCUSDT: 59607.60
2024-08-11 22:41:46,859 - Current portfolio value: $-1988.49
2024-08-11 22:42:47,207 - Real-time price of BTCUSDT: 59728.43
2024-08-11 22:42:47,207 - Current portfolio value: $-1988.49
2024-08-11 22:43:47,488 - Real-time price of BTCUSDT: 59782.96
2024-08-11 22:43:47,490 - Current portfolio value: $-1988.49
2024-08-11 22:44:47,830 - Real-time price of BTCUSDT: 59822.06
2024-08-11 22:44:47,831 - Current portfolio value: $-1988.49
2024-08-11 22:45:48,145 - Real-time price of BTCUSDT: 59828.61
2024-08-11 22:45:48,146 - Current portfolio value: $-1988.49
2024-08-11 22:46:48,459 - Real-time price of BTCUSDT: 59742.42
2024-08-11 22:46:48,460 - Current portfolio value: $-1988.49
2024-08-11 22:47:48,773 - Real-time price of BTCUSDT: 59736.24
2024-08-11 22:47:48,773 - Current portfolio value: $-1988.49
2024-08-11 22:48:49,088 - Real-time price of BTCUSDT: 59784.11
2024-08-11 22:48:49,091 - Current portfolio value: $-1988.49
2024-08-11 22:49:49,380 - Real-time price of BTCUSDT: 59713.49
2024-08-11 22:49:49,381 - Current portfolio value: $-1988.49
2024-08-11 22:50:49,706 - Real-time price of BTCUSDT: 59726.89
2024-08-11 22:50:49,707 - Current portfolio value: $-1988.49
2024-08-11 22:51:50,029 - Real-time price of BTCUSDT: 59722.27
2024-08-11 22:51:50,029 - Current portfolio value: $-1988.49
2024-08-11 22:52:50,349 - Real-time price of BTCUSDT: 59718.85
2024-08-11 22:52:50,351 - Current portfolio value: $-1988.49
2024-08-11 22:53:50,657 - Real-time price of BTCUSDT: 59745.00
2024-08-11 22:53:50,658 - Current portfolio value: $-1988.49
2024-08-11 22:54:50,940 - Real-time price of BTCUSDT: 59698.25
2024-08-11 22:54:50,940 - Current portfolio value: $-1988.49
2024-08-11 22:55:51,259 - Real-time price of BTCUSDT: 59716.14
2024-08-11 22:55:51,261 - Current portfolio value: $-1988.49
2024-08-11 22:56:51,542 - Real-time price of BTCUSDT: 59713.49
2024-08-11 22:56:51,543 - Current portfolio value: $-1988.49
2024-08-11 22:57:51,914 - Real-time price of BTCUSDT: 59660.93
2024-08-11 22:57:51,914 - Current portfolio value: $-1988.49
2024-08-11 22:58:52,228 - Real-time price of BTCUSDT: 59664.19
2024-08-11 22:58:52,229 - Current portfolio value: $-1988.49
2024-08-11 22:59:52,671 - Real-time price of BTCUSDT: 59619.52
2024-08-11 22:59:52,671 - Current portfolio value: $-1988.49
2024-08-11 23:00:53,164 - Real-time price of BTCUSDT: 59606.59
2024-08-11 23:00:53,164 - Current portfolio value: $-1988.49
2024-08-11 23:01:53,448 - Real-time price of BTCUSDT: 59625.67
2024-08-11 23:01:53,449 - Current portfolio value: $-1988.49
2024-08-11 23:02:53,792 - Real-time price of BTCUSDT: 59623.52
2024-08-11 23:02:53,794 - Current portfolio value: $-1988.49
2024-08-11 23:03:54,079 - Real-time price of BTCUSDT: 59585.23
2024-08-11 23:03:54,080 - Current portfolio value: $-1988.49
2024-08-11 23:04:54,370 - Real-time price of BTCUSDT: 59330.25
2024-08-11 23:04:54,371 - Current portfolio value: $-1988.49
2024-08-11 23:05:54,653 - Real-time price of BTCUSDT: 59369.37
2024-08-11 23:05:54,655 - Current portfolio value: $-1988.49
2024-08-11 23:06:54,945 - Real-time price of BTCUSDT: 59363.92
2024-08-11 23:06:54,948 - Current portfolio value: $-1988.49
2024-08-11 23:07:55,259 - Real-time price of BTCUSDT: 59064.37
2024-08-11 23:07:55,259 - Current portfolio value: $-1988.49
2024-08-11 23:08:55,543 - Real-time price of BTCUSDT: 58885.82
2024-08-11 23:08:55,544 - Current portfolio value: $-1988.49
2024-08-11 23:09:55,829 - Real-time price of BTCUSDT: 58935.92
2024-08-11 23:09:55,830 - Current portfolio value: $-1988.49
2024-08-11 23:10:56,115 - Real-time price of BTCUSDT: 58999.57
2024-08-11 23:10:56,116 - Current portfolio value: $-1988.49
2024-08-11 23:11:56,413 - Real-time price of BTCUSDT: 58890.98
2024-08-11 23:11:56,413 - Current portfolio value: $-1988.49
2024-08-11 23:12:56,728 - Real-time price of BTCUSDT: 58848.91
2024-08-11 23:12:56,730 - Current portfolio value: $-1988.49
2024-08-11 23:13:57,045 - Real-time price of BTCUSDT: 58950.00
2024-08-11 23:13:57,045 - Current portfolio value: $-1988.49
2024-08-11 23:14:57,455 - Real-time price of BTCUSDT: 59027.79
2024-08-11 23:14:57,456 - Current portfolio value: $-1988.49
2024-08-11 23:15:57,770 - Real-time price of BTCUSDT: 59094.09
2024-08-11 23:15:57,777 - Current portfolio value: $-1988.49
2024-08-11 23:16:58,086 - Real-time price of BTCUSDT: 59052.75
2024-08-11 23:16:58,087 - Current portfolio value: $-1988.49
2024-08-11 23:17:58,367 - Real-time price of BTCUSDT: 58978.94
2024-08-11 23:17:58,367 - Current portfolio value: $-1988.49
2024-08-11 23:18:58,715 - Real-time price of BTCUSDT: 58827.99
2024-08-11 23:18:58,715 - Current portfolio value: $-1988.49
2024-08-11 23:19:59,281 - Real-time price of BTCUSDT: 58821.43
2024-08-11 23:19:59,283 - Current portfolio value: $-1988.49
2024-08-11 23:20:59,650 - Real-time price of BTCUSDT: 58749.56
2024-08-11 23:20:59,651 - Current portfolio value: $-1988.49
2024-08-11 23:21:59,934 - Real-time price of BTCUSDT: 58754.51
2024-08-11 23:21:59,936 - Current portfolio value: $-1988.49
2024-08-11 23:23:00,219 - Real-time price of BTCUSDT: 58695.91
2024-08-11 23:23:00,222 - Current portfolio value: $-1988.49
2024-08-11 23:24:00,593 - Real-time price of BTCUSDT: 58710.03
2024-08-11 23:24:00,594 - Current portfolio value: $-1988.49
2024-08-11 23:25:00,947 - Real-time price of BTCUSDT: 58651.73
2024-08-11 23:25:00,953 - Current portfolio value: $-1988.49
2024-08-11 23:26:01,237 - Real-time price of BTCUSDT: 58657.18
2024-08-11 23:26:01,239 - Current portfolio value: $-1988.49
2024-08-11 23:27:01,569 - Real-time price of BTCUSDT: 58668.33
2024-08-11 23:27:01,577 - Current portfolio value: $-1988.49
2024-08-11 23:28:01,856 - Real-time price of BTCUSDT: 58607.88
2024-08-11 23:28:01,856 - Current portfolio value: $-1988.49
2024-08-11 23:29:02,164 - Real-time price of BTCUSDT: 58627.43
2024-08-11 23:29:02,164 - Current portfolio value: $-1988.49
2024-08-11 23:30:02,476 - Real-time price of BTCUSDT: 58632.01
2024-08-11 23:30:02,477 - Current portfolio value: $-1988.49
2024-08-11 23:31:02,757 - Real-time price of BTCUSDT: 58584.71
2024-08-11 23:31:02,758 - Current portfolio value: $-1988.49
2024-08-11 23:32:03,155 - Real-time price of BTCUSDT: 58722.48
2024-08-11 23:32:03,156 - Current portfolio value: $-1988.49
2024-08-11 23:33:03,523 - Real-time price of BTCUSDT: 58670.51
2024-08-11 23:33:03,524 - Current portfolio value: $-1988.49
2024-08-11 23:34:03,806 - Real-time price of BTCUSDT: 58618.00
2024-08-11 23:34:03,808 - Current portfolio value: $-1988.49
2024-08-11 23:35:04,088 - Real-time price of BTCUSDT: 58654.83
2024-08-11 23:35:04,091 - Current portfolio value: $-1988.49
2024-08-11 23:36:04,390 - Real-time price of BTCUSDT: 58607.94
2024-08-11 23:36:04,390 - Current portfolio value: $-1988.49
2024-08-11 23:37:04,684 - Real-time price of BTCUSDT: 58542.82
2024-08-11 23:37:04,687 - Current portfolio value: $-1988.49
2024-08-11 23:38:04,989 - Real-time price of BTCUSDT: 58402.17
2024-08-11 23:38:04,990 - Current portfolio value: $-1988.49
2024-08-11 23:39:05,285 - Real-time price of BTCUSDT: 58587.05
2024-08-11 23:39:05,289 - Current portfolio value: $-1988.49
2024-08-11 23:40:05,571 - Real-time price of BTCUSDT: 58641.61
2024-08-11 23:40:05,573 - Current portfolio value: $-1988.49
2024-08-11 23:41:05,865 - Real-time price of BTCUSDT: 58643.20
2024-08-11 23:41:05,867 - Current portfolio value: $-1988.49
2024-08-11 23:42:06,160 - Real-time price of BTCUSDT: 58783.71
2024-08-11 23:42:06,162 - Current portfolio value: $-1988.49
2024-08-11 23:43:06,447 - Real-time price of BTCUSDT: 58757.97
2024-08-11 23:43:06,448 - Current portfolio value: $-1988.49
2024-08-11 23:44:06,730 - Real-time price of BTCUSDT: 58848.91
2024-08-11 23:44:06,732 - Current portfolio value: $-1988.49
2024-08-11 23:45:07,009 - Real-time price of BTCUSDT: 58715.94
2024-08-11 23:45:07,013 - Current portfolio value: $-1988.49
2024-08-11 23:46:07,473 - Real-time price of BTCUSDT: 58776.58
2024-08-11 23:46:07,479 - Current portfolio value: $-1988.49
2024-08-11 23:47:07,762 - Real-time price of BTCUSDT: 58673.15
2024-08-11 23:47:07,765 - Current portfolio value: $-1988.49
2024-08-11 23:48:08,046 - Real-time price of BTCUSDT: 58635.79
2024-08-11 23:48:08,049 - Current portfolio value: $-1988.49
2024-08-11 23:49:08,331 - Real-time price of BTCUSDT: 58665.09
2024-08-11 23:49:08,331 - Current portfolio value: $-1988.49
2024-08-11 23:50:08,664 - Real-time price of BTCUSDT: 58636.41
2024-08-11 23:50:08,669 - Current portfolio value: $-1988.49
2024-08-11 23:51:08,961 - Real-time price of BTCUSDT: 58678.54
2024-08-11 23:51:08,964 - Current portfolio value: $-1988.49
2024-08-11 23:52:09,245 - Real-time price of BTCUSDT: 58644.44
2024-08-11 23:52:09,245 - Current portfolio value: $-1988.49
2024-08-11 23:53:09,598 - Real-time price of BTCUSDT: 58620.06
2024-08-11 23:53:09,599 - Current portfolio value: $-1988.49
2024-08-11 23:54:09,886 - Real-time price of BTCUSDT: 58665.85
2024-08-11 23:54:09,893 - Current portfolio value: $-1988.49
2024-08-11 23:55:10,174 - Real-time price of BTCUSDT: 58656.82
2024-08-11 23:55:10,178 - Current portfolio value: $-1988.49
2024-08-11 23:56:10,515 - Real-time price of BTCUSDT: 58676.00
2024-08-11 23:56:10,517 - Current portfolio value: $-1988.49
2024-08-11 23:57:10,791 - Real-time price of BTCUSDT: 58580.02
2024-08-11 23:57:10,794 - Current portfolio value: $-1988.49
2024-08-11 23:58:11,134 - Real-time price of BTCUSDT: 58565.75
2024-08-11 23:58:11,137 - Current portfolio value: $-1988.49
2024-08-11 23:59:11,432 - Real-time price of BTCUSDT: 58554.55
2024-08-11 23:59:11,434 - Current portfolio value: $-1988.49
2024-08-12 00:00:11,741 - Real-time price of BTCUSDT: 58396.59
2024-08-12 00:00:11,743 - Current portfolio value: $-1988.49
2024-08-12 00:01:12,082 - Real-time price of BTCUSDT: 58468.59
2024-08-12 00:01:12,082 - Current portfolio value: $-1988.49
2024-08-12 00:02:12,389 - Real-time price of BTCUSDT: 58422.37
2024-08-12 00:02:12,390 - Current portfolio value: $-1988.49
2024-08-12 00:03:12,707 - Real-time price of BTCUSDT: 58426.52
2024-08-12 00:03:12,710 - Current portfolio value: $-1988.49
2024-08-12 00:04:13,016 - Real-time price of BTCUSDT: 58441.49
2024-08-12 00:04:13,018 - Current portfolio value: $-1988.49
2024-08-12 00:05:13,308 - Real-time price of BTCUSDT: 58413.88
2024-08-12 00:05:13,311 - Current portfolio value: $-1988.49
2024-08-12 00:06:13,589 - Real-time price of BTCUSDT: 58516.63
2024-08-12 00:06:13,591 - Current portfolio value: $-1988.49
2024-08-12 00:07:13,871 - Real-time price of BTCUSDT: 58627.46
2024-08-12 00:07:13,879 - Current portfolio value: $-1988.49
2024-08-12 00:08:14,275 - Real-time price of BTCUSDT: 58511.75
2024-08-12 00:08:14,279 - Current portfolio value: $-1988.49
2024-08-12 00:09:14,585 - Real-time price of BTCUSDT: 58396.07
2024-08-12 00:09:14,587 - Current portfolio value: $-1988.49
2024-08-12 00:10:14,893 - Real-time price of BTCUSDT: 58402.19
2024-08-12 00:10:14,900 - Current portfolio value: $-1988.49
2024-08-12 00:11:15,184 - Real-time price of BTCUSDT: 58429.02
2024-08-12 00:11:15,186 - Current portfolio value: $-1988.49
2024-08-12 00:12:15,512 - Real-time price of BTCUSDT: 58450.01
2024-08-12 00:12:15,518 - Current portfolio value: $-1988.49
2024-08-12 00:13:15,806 - Real-time price of BTCUSDT: 58517.97
2024-08-12 00:13:15,808 - Current portfolio value: $-1988.49
2024-08-12 00:14:16,089 - Real-time price of BTCUSDT: 58584.02
2024-08-12 00:14:16,090 - Current portfolio value: $-1988.49
2024-08-12 00:15:16,373 - Real-time price of BTCUSDT: 58550.83
2024-08-12 00:15:16,375 - Current portfolio value: $-1988.49
2024-08-12 00:16:16,660 - Real-time price of BTCUSDT: 58631.15
2024-08-12 00:16:16,662 - Current portfolio value: $-1988.49
2024-08-12 00:17:16,960 - Real-time price of BTCUSDT: 58638.00
2024-08-12 00:17:16,962 - Current portfolio value: $-1988.49
2024-08-12 00:18:17,249 - Real-time price of BTCUSDT: 58607.87
2024-08-12 00:18:17,250 - Current portfolio value: $-1988.49
2024-08-12 00:19:17,539 - Real-time price of BTCUSDT: 58703.52
2024-08-12 00:19:17,541 - Current portfolio value: $-1988.49
2024-08-12 00:20:17,827 - Real-time price of BTCUSDT: 58746.62
2024-08-12 00:20:17,830 - Current portfolio value: $-1988.49
2024-08-12 00:21:18,156 - Real-time price of BTCUSDT: 58699.14
2024-08-12 00:21:18,158 - Current portfolio value: $-1988.49
2024-08-12 00:22:18,511 - Real-time price of BTCUSDT: 58682.07
2024-08-12 00:22:18,512 - Current portfolio value: $-1988.49
2024-08-12 00:23:18,802 - Real-time price of BTCUSDT: 58760.08
2024-08-12 00:23:18,805 - Current portfolio value: $-1988.49
2024-08-12 00:24:19,082 - Real-time price of BTCUSDT: 58763.55
2024-08-12 00:24:19,083 - Current portfolio value: $-1988.49
2024-08-12 00:25:19,457 - Real-time price of BTCUSDT: 58764.40
2024-08-12 00:25:19,458 - Current portfolio value: $-1988.49
2024-08-12 00:26:19,760 - Real-time price of BTCUSDT: 58720.32
2024-08-12 00:26:19,762 - Current portfolio value: $-1988.49
2024-08-12 00:27:20,040 - Real-time price of BTCUSDT: 58694.16
2024-08-12 00:27:20,041 - Current portfolio value: $-1988.49
2024-08-12 00:28:20,319 - Real-time price of BTCUSDT: 58684.30
2024-08-12 00:28:20,320 - Current portfolio value: $-1988.49
2024-08-12 00:29:20,607 - Real-time price of BTCUSDT: 58675.26
2024-08-12 00:29:20,608 - Current portfolio value: $-1988.49
2024-08-12 00:30:20,911 - Real-time price of BTCUSDT: 58552.22
2024-08-12 00:30:20,913 - Current portfolio value: $-1988.49
2024-08-12 00:31:21,280 - Real-time price of BTCUSDT: 58510.92
2024-08-12 00:31:21,281 - Current portfolio value: $-1988.49
2024-08-12 00:32:22,106 - Real-time price of BTCUSDT: 58513.93
2024-08-12 00:32:22,107 - Current portfolio value: $-1988.49
2024-08-12 00:33:22,390 - Real-time price of BTCUSDT: 58628.62
2024-08-12 00:33:22,392 - Current portfolio value: $-1988.49
2024-08-12 00:34:22,784 - Real-time price of BTCUSDT: 58741.89
2024-08-12 00:34:22,786 - Current portfolio value: $-1988.49
2024-08-12 00:35:23,064 - Real-time price of BTCUSDT: 58637.73
2024-08-12 00:35:23,067 - Current portfolio value: $-1988.49
2024-08-12 00:36:23,348 - Real-time price of BTCUSDT: 58668.13
2024-08-12 00:36:23,348 - Current portfolio value: $-1988.49
2024-08-12 00:37:23,731 - Real-time price of BTCUSDT: 58663.39
2024-08-12 00:37:23,735 - Current portfolio value: $-1988.49
2024-08-12 00:38:24,027 - Real-time price of BTCUSDT: 58685.72
2024-08-12 00:38:24,028 - Current portfolio value: $-1988.49
2024-08-12 00:39:24,518 - Real-time price of BTCUSDT: 58733.10
2024-08-12 00:39:24,520 - Current portfolio value: $-1988.49
2024-08-12 00:40:24,814 - Real-time price of BTCUSDT: 58758.02
2024-08-12 00:40:24,817 - Current portfolio value: $-1988.49
2024-08-12 00:41:25,165 - Real-time price of BTCUSDT: 58823.77
2024-08-12 00:41:25,168 - Current portfolio value: $-1988.49
2024-08-12 00:42:25,457 - Real-time price of BTCUSDT: 58919.10
2024-08-12 00:42:25,460 - Current portfolio value: $-1988.49
2024-08-12 00:43:25,776 - Real-time price of BTCUSDT: 58929.20
2024-08-12 00:43:25,777 - Current portfolio value: $-1988.49
2024-08-12 00:44:26,085 - Real-time price of BTCUSDT: 58946.00
2024-08-12 00:44:26,088 - Current portfolio value: $-1988.49
2024-08-12 00:45:26,810 - Real-time price of BTCUSDT: 58941.35
2024-08-12 00:45:26,866 - Current portfolio value: $-1988.49
2024-08-12 00:46:27,167 - Real-time price of BTCUSDT: 58906.20
2024-08-12 00:46:27,170 - Current portfolio value: $-1988.49
2024-08-12 00:47:27,480 - Real-time price of BTCUSDT: 58887.98
2024-08-12 00:47:27,483 - Current portfolio value: $-1988.49
2024-08-12 00:48:27,798 - Real-time price of BTCUSDT: 58895.80
2024-08-12 00:48:27,799 - Current portfolio value: $-1988.49
2024-08-12 00:49:28,114 - Real-time price of BTCUSDT: 58880.00
2024-08-12 00:49:28,115 - Current portfolio value: $-1988.49
2024-08-12 00:50:28,400 - Real-time price of BTCUSDT: 58832.97
2024-08-12 00:50:28,401 - Current portfolio value: $-1988.49
2024-08-12 00:51:28,738 - Real-time price of BTCUSDT: 58894.08
2024-08-12 00:51:28,741 - Current portfolio value: $-1988.49
2024-08-12 00:52:29,029 - Real-time price of BTCUSDT: 58955.27
2024-08-12 00:52:29,030 - Current portfolio value: $-1988.49
2024-08-12 00:53:29,311 - Real-time price of BTCUSDT: 59017.16
2024-08-12 00:53:29,313 - Current portfolio value: $-1988.49
2024-08-12 00:54:29,595 - Real-time price of BTCUSDT: 59036.00
2024-08-12 00:54:29,597 - Current portfolio value: $-1988.49
2024-08-12 00:55:29,894 - Real-time price of BTCUSDT: 59049.65
2024-08-12 00:55:29,903 - Current portfolio value: $-1988.49
2024-08-12 00:56:30,199 - Real-time price of BTCUSDT: 58967.99
2024-08-12 00:56:30,200 - Current portfolio value: $-1988.49
2024-08-12 00:57:30,488 - Real-time price of BTCUSDT: 58988.69
2024-08-12 00:57:30,490 - Current portfolio value: $-1988.49
2024-08-12 00:58:30,781 - Real-time price of BTCUSDT: 58952.90
2024-08-12 00:58:30,783 - Current portfolio value: $-1988.49
2024-08-12 00:59:31,075 - Real-time price of BTCUSDT: 59011.34
2024-08-12 00:59:31,081 - Current portfolio value: $-1988.49
2024-08-12 01:00:31,463 - Real-time price of BTCUSDT: 58929.39
2024-08-12 01:00:31,465 - Current portfolio value: $-1988.49
2024-08-12 01:01:31,777 - Real-time price of BTCUSDT: 59026.87
2024-08-12 01:01:31,781 - Current portfolio value: $-1988.49
2024-08-12 01:02:32,065 - Real-time price of BTCUSDT: 58932.01
2024-08-12 01:02:32,067 - Current portfolio value: $-1988.49
2024-08-12 01:03:32,354 - Real-time price of BTCUSDT: 59236.00
2024-08-12 01:03:32,355 - Current portfolio value: $-1988.49
2024-08-12 01:04:32,722 - Real-time price of BTCUSDT: 59264.01
2024-08-12 01:04:32,724 - Current portfolio value: $-1988.49
2024-08-12 01:05:33,536 - Real-time price of BTCUSDT: 59160.49
2024-08-12 01:05:33,538 - Current portfolio value: $-1988.49
2024-08-12 01:06:33,838 - Real-time price of BTCUSDT: 59144.64
2024-08-12 01:06:33,841 - Current portfolio value: $-1988.49
2024-08-12 01:07:34,131 - Real-time price of BTCUSDT: 59074.37
2024-08-12 01:07:34,133 - Current portfolio value: $-1988.49
2024-08-12 01:08:34,445 - Real-time price of BTCUSDT: 59015.28
2024-08-12 01:08:34,447 - Current portfolio value: $-1988.49
2024-08-12 01:09:34,803 - Real-time price of BTCUSDT: 58925.12
2024-08-12 01:09:34,805 - Current portfolio value: $-1988.49
2024-08-12 01:10:35,097 - Real-time price of BTCUSDT: 58690.01
2024-08-12 01:10:35,097 - Current portfolio value: $-1988.49
2024-08-12 01:11:35,405 - Real-time price of BTCUSDT: 58681.94
2024-08-12 01:11:35,409 - Current portfolio value: $-1988.49
2024-08-12 01:12:35,690 - Real-time price of BTCUSDT: 58778.00
2024-08-12 01:12:35,691 - Current portfolio value: $-1988.49
2024-08-12 01:13:35,970 - Real-time price of BTCUSDT: 58752.34
2024-08-12 01:13:35,974 - Current portfolio value: $-1988.49
2024-08-12 01:14:36,948 - Real-time price of BTCUSDT: 58650.01
2024-08-12 01:14:36,950 - Current portfolio value: $-1988.49
2024-08-12 01:15:37,302 - Real-time price of BTCUSDT: 58671.53
2024-08-12 01:15:37,305 - Current portfolio value: $-1988.49
2024-08-12 01:16:37,615 - Real-time price of BTCUSDT: 58588.29
2024-08-12 01:16:37,618 - Current portfolio value: $-1988.49
2024-08-12 01:17:37,910 - Real-time price of BTCUSDT: 58684.46
2024-08-12 01:17:37,911 - Current portfolio value: $-1988.49
2024-08-12 01:18:38,659 - Real-time price of BTCUSDT: 58752.69
2024-08-12 01:18:38,662 - Current portfolio value: $-1988.49
2024-08-12 01:19:38,945 - Real-time price of BTCUSDT: 58729.99
2024-08-12 01:19:38,945 - Current portfolio value: $-1988.49
2024-08-12 01:20:39,252 - Real-time price of BTCUSDT: 58756.00
2024-08-12 01:20:39,253 - Current portfolio value: $-1988.49
2024-08-12 01:21:39,918 - Real-time price of BTCUSDT: 58780.00
2024-08-12 01:21:39,921 - Current portfolio value: $-1988.49
2024-08-12 01:22:40,277 - Real-time price of BTCUSDT: 58663.65
2024-08-12 01:22:40,280 - Current portfolio value: $-1988.49
2024-08-12 01:23:40,609 - Real-time price of BTCUSDT: 58638.16
2024-08-12 01:23:40,612 - Current portfolio value: $-1988.49
2024-08-12 01:24:41,021 - Real-time price of BTCUSDT: 58619.99
2024-08-12 01:24:41,026 - Current portfolio value: $-1988.49
2024-08-12 01:25:41,383 - Real-time price of BTCUSDT: 58651.56
2024-08-12 01:25:41,397 - Current portfolio value: $-1988.49
2024-08-12 01:26:41,884 - Real-time price of BTCUSDT: 58683.42
2024-08-12 01:26:41,885 - Current portfolio value: $-1988.49
2024-08-12 01:27:42,169 - Real-time price of BTCUSDT: 58664.00
2024-08-12 01:27:42,170 - Current portfolio value: $-1988.49
2024-08-12 01:28:42,530 - Real-time price of BTCUSDT: 58716.01
2024-08-12 01:28:42,532 - Current portfolio value: $-1988.49
2024-08-12 01:29:42,824 - Real-time price of BTCUSDT: 58640.00
2024-08-12 01:29:42,825 - Current portfolio value: $-1988.49
2024-08-12 01:30:43,112 - Real-time price of BTCUSDT: 58758.52
2024-08-12 01:30:43,126 - Current portfolio value: $-1988.49
2024-08-12 01:31:43,420 - Real-time price of BTCUSDT: 58534.01
2024-08-12 01:31:43,421 - Current portfolio value: $-1988.49
2024-08-12 01:32:43,885 - Real-time price of BTCUSDT: 58590.03
2024-08-12 01:32:43,896 - Current portfolio value: $-1988.49
2024-08-12 01:33:44,187 - Real-time price of BTCUSDT: 58641.28
2024-08-12 01:33:44,191 - Current portfolio value: $-1988.49
2024-08-12 01:35:24,399 - Real-time price of BTCUSDT: 58674.01
2024-08-12 01:35:24,810 - Current portfolio value: $-1988.49
2024-08-12 01:36:26,081 - Real-time price of BTCUSDT: 58596.21
2024-08-12 01:36:26,090 - Current portfolio value: $-1988.49
2024-08-12 01:37:29,095 - Real-time price of BTCUSDT: 58703.99
2024-08-12 01:37:29,107 - Current portfolio value: $-1988.49
2024-08-12 01:39:15,640 - Real-time price of BTCUSDT: 58822.01
2024-08-12 01:39:15,676 - Current portfolio value: $-1988.49
2024-08-12 01:40:16,491 - Real-time price of BTCUSDT: 58860.55
2024-08-12 01:40:16,493 - Current portfolio value: $-1988.49
2024-08-12 01:41:16,857 - Real-time price of BTCUSDT: 58896.01
2024-08-12 01:41:16,861 - Current portfolio value: $-1988.49
2024-08-12 01:42:17,307 - Real-time price of BTCUSDT: 58925.88
2024-08-12 01:42:17,308 - Current portfolio value: $-1988.49
2024-08-12 01:43:18,059 - Real-time price of BTCUSDT: 58922.00
2024-08-12 01:43:18,078 - Current portfolio value: $-1988.49
2024-08-12 01:44:18,405 - Real-time price of BTCUSDT: 58800.00
2024-08-12 01:44:18,406 - Current portfolio value: $-1988.49
2024-08-12 01:45:18,699 - Real-time price of BTCUSDT: 58868.00
2024-08-12 01:45:18,700 - Current portfolio value: $-1988.49
2024-08-12 01:46:19,145 - Real-time price of BTCUSDT: 58936.29
2024-08-12 01:46:19,149 - Current portfolio value: $-1988.49
2024-08-12 01:47:19,718 - Real-time price of BTCUSDT: 58971.99
2024-08-12 01:47:19,795 - Current portfolio value: $-1988.49
2024-08-12 01:48:20,120 - Real-time price of BTCUSDT: 58958.01
2024-08-12 01:48:20,137 - Current portfolio value: $-1988.49
2024-08-12 01:49:20,567 - Real-time price of BTCUSDT: 59021.77
2024-08-12 01:49:20,573 - Current portfolio value: $-1988.49
2024-08-12 01:50:20,905 - Real-time price of BTCUSDT: 59019.53
2024-08-12 01:50:20,907 - Current portfolio value: $-1988.49
2024-08-12 01:51:21,260 - Real-time price of BTCUSDT: 59069.05
2024-08-12 01:51:21,348 - Current portfolio value: $-1988.49
2024-08-12 01:52:21,961 - Real-time price of BTCUSDT: 59051.14
2024-08-12 01:52:21,965 - Current portfolio value: $-1988.49
2024-08-12 01:53:22,333 - Real-time price of BTCUSDT: 59132.00
2024-08-12 01:53:22,336 - Current portfolio value: $-1988.49
2024-08-12 01:54:22,667 - Real-time price of BTCUSDT: 59120.11
2024-08-12 01:54:22,667 - Current portfolio value: $-1988.49
2024-08-12 01:55:23,031 - Real-time price of BTCUSDT: 59082.75
2024-08-12 01:55:23,032 - Current portfolio value: $-1988.49
2024-08-12 01:56:23,333 - Real-time price of BTCUSDT: 59053.81
2024-08-12 01:56:23,334 - Current portfolio value: $-1988.49
2024-08-12 01:57:23,669 - Real-time price of BTCUSDT: 59023.46
2024-08-12 01:57:23,671 - Current portfolio value: $-1988.49
2024-08-12 01:58:24,057 - Real-time price of BTCUSDT: 59017.87
2024-08-12 01:58:24,061 - Current portfolio value: $-1988.49
2024-08-12 01:59:24,360 - Real-time price of BTCUSDT: 59006.00
2024-08-12 01:59:24,363 - Current portfolio value: $-1988.49
2024-08-12 02:00:24,672 - Real-time price of BTCUSDT: 58946.71
2024-08-12 02:00:24,675 - Current portfolio value: $-1988.49
2024-08-12 02:01:25,171 - Real-time price of BTCUSDT: 58853.99
2024-08-12 02:01:25,171 - Current portfolio value: $-1988.49
2024-08-12 02:02:26,264 - Real-time price of BTCUSDT: 58838.01
2024-08-12 02:02:26,269 - Current portfolio value: $-1988.49
2024-08-12 02:03:26,571 - Real-time price of BTCUSDT: 58870.57
2024-08-12 02:03:26,573 - Current portfolio value: $-1988.49
2024-08-12 02:04:26,983 - Real-time price of BTCUSDT: 58812.46
2024-08-12 02:04:26,985 - Current portfolio value: $-1988.49
2024-08-12 02:05:27,341 - Real-time price of BTCUSDT: 58857.05
2024-08-12 02:05:27,344 - Current portfolio value: $-1988.49
2024-08-12 02:06:27,657 - Real-time price of BTCUSDT: 58838.00
2024-08-12 02:06:27,661 - Current portfolio value: $-1988.49
2024-08-12 02:07:27,951 - Real-time price of BTCUSDT: 58795.90
2024-08-12 02:07:27,978 - Current portfolio value: $-1988.49
2024-08-12 02:08:28,286 - Real-time price of BTCUSDT: 58801.61
2024-08-12 02:08:28,288 - Current portfolio value: $-1988.49
2024-08-12 02:09:28,573 - Real-time price of BTCUSDT: 58826.08
2024-08-12 02:09:28,575 - Current portfolio value: $-1988.49
2024-08-12 02:10:30,328 - Real-time price of BTCUSDT: 58845.50
2024-08-12 02:10:30,332 - Current portfolio value: $-1988.49
2024-08-12 02:11:30,635 - Real-time price of BTCUSDT: 58824.00
2024-08-12 02:11:30,636 - Current portfolio value: $-1988.49
2024-08-12 02:12:30,941 - Real-time price of BTCUSDT: 58816.01
2024-08-12 02:12:30,944 - Current portfolio value: $-1988.49
