INFO:root:Starting data collection...
INFO:root:Data collection complete.
INFO:root:Starting data collection...
INFO:root:Data collection complete.
INFO:root:Starting data collection...
INFO:root:Data collection complete.
INFO:root:Starting data collection...
ERROR:root:API Key or Secret is missing.
INFO:root:Starting data collection...
INFO:root:Data collection complete.
INFO:root:Starting data collection...
INFO:root:Data collection complete.
INFO:root:Starting data collection...
INFO:root:Data collection complete.
INFO:root:Starting data collection...
INFO:root:Data collection complete.
INFO:root:Starting data collection...
INFO:root:Data collection complete.
INFO:root:Starting main script...
INFO:root:Starting data collection...
INFO:root:Starting data collection...
INFO:root:Data collection complete.
INFO:root:Data collection complete.
INFO:root:Starting model training...
INFO:root:Starting model training...
INFO:root:RandomForest model training complete.
INFO:root:GradientBoosting model training complete.
INFO:root:AdaBoost model training complete.
INFO:root:CatBoost model training complete.
INFO:root:XGBoost model training complete.
INFO:root:LightGBM model training complete.
INFO:root:LogisticRegression model training complete.
INFO:root:Model training complete.
INFO:root:Making trading decision...
INFO:root:Making trading decision...
INFO:root:Predictions: {'AdaBoost': 0, 'LightGBM': 0, 'LogisticRegression': 0, 'CatBoost': 0, 'GradientBoosting': 0, 'RandomForest': 0, 'XGBoost': 0}
INFO:root:Trading decision: 0
ERROR:root:Binance API Exception: APIError(code=-2014): API-key format invalid.
INFO:root:Trading decision complete.
INFO:root:Starting data collection...
INFO:root:Data collection complete.
INFO:root:Starting main script...
INFO:root:Starting data collection...
INFO:root:Starting data collection...
INFO:root:Data collection complete.
INFO:root:Data collection complete.
INFO:root:Starting model training...
INFO:root:Starting model training...
INFO:root:Data columns: ['feature1', 'feature2', 'target']
INFO:root:First few rows of data:
   feature1  feature2  target
0         1         5       0
1         2         4       1
2         3         3       0
3         4         2       1
4         5         1       0
INFO:root:Target distribution: target
0    3
1    2
Name: count, dtype: int64
INFO:root:Training data shape: (4, 2), Test data shape: (1, 2)
INFO:root:Training target shape: (4,), Test target shape: (1,)
INFO:root:First few rows of training data:
   feature1  feature2
4         5         1
2         3         3
0         1         5
3         4         2
INFO:root:First few rows of training target:
4    0
2    0
0    0
3    1
Name: target, dtype: int64
INFO:root:RandomForest model training complete.
INFO:root:Accuracy: 0.0, Precision: 1.0, Recall: 0.0, F1 Score: 0.0
INFO:root:GradientBoosting model training complete.
INFO:root:Accuracy: 0.0, Precision: 1.0, Recall: 0.0, F1 Score: 0.0
INFO:root:AdaBoost model training complete.
INFO:root:Accuracy: 0.0, Precision: 1.0, Recall: 0.0, F1 Score: 0.0
INFO:root:CatBoost model training complete.
INFO:root:Accuracy: 0.0, Precision: 1.0, Recall: 0.0, F1 Score: 0.0
INFO:root:XGBoost model training complete.
INFO:root:Accuracy: 0.0, Precision: 1.0, Recall: 0.0, F1 Score: 0.0
INFO:root:LightGBM model training complete.
INFO:root:Accuracy: 0.0, Precision: 1.0, Recall: 0.0, F1 Score: 0.0
INFO:root:LogisticRegression model training complete.
INFO:root:Accuracy: 0.0, Precision: 1.0, Recall: 0.0, F1 Score: 0.0
INFO:root:Model training complete.
INFO:root:Making trading decision...
INFO:root:Making trading decision...
INFO:root:Predictions: {'AdaBoost': 0, 'LightGBM': 0, 'LogisticRegression': 0, 'CatBoost': 0, 'GradientBoosting': 0, 'RandomForest': 0, 'XGBoost': 0}
INFO:root:Trading decision: 0
ERROR:root:Binance API Exception: APIError(code=-2014): API-key format invalid.
INFO:root:Trading decision complete.
INFO:root:Starting data collection...
ERROR:root:Error during data collection: API Key or Secret is missing.
INFO:root:Starting data collection...
ERROR:root:Error during data collection: API Key or Secret is missing.
INFO:root:Starting data collection...
ERROR:root:Error during data collection: API Key or Secret is missing.
INFO:root:Starting data collection...
ERROR:root:Error during data collection: API Key or Secret is missing.
INFO:root:Starting data collection...
ERROR:root:Error during data collection: API Key or Secret is missing.
INFO:root:Loaded data from /Users/gorkemberkeyuksel/Documents/GitHub/Lunapki/crypto_trading_bot/data/data.csv
INFO:root:Class distribution in training data:
target
0    3
1    1
Name: count, dtype: int64
INFO:root:RandomForest model trained and saved
INFO:root:GradientBoosting model trained and saved
INFO:root:AdaBoost model trained and saved
INFO:root:LogisticRegression model trained and saved
INFO:root:XGBoost model trained and saved
INFO:root:LightGBM model trained and saved
INFO:root:CatBoost model trained and saved
INFO:root:Ensemble Model trained with accuracy: 0.0
INFO:root:Precision: 1.0, Recall: 0.0, F1 Score: 0.0
INFO:root:Ensemble model saved
INFO:root:Starting data collection...
ERROR:root:Error during data collection: API Key or Secret is missing.
INFO:root:Starting data collection...
ERROR:root:Error during data collection: API Key or Secret is missing.
