INFO:root:Portfolio Value: $10000.00
INFO:root:Portfolio Value: $10000.00
INFO:root:Portfolio Value: $10000.00
2024-08-10 10:49:01,500 - Starting trading bot...
2024-08-10 10:49:02,317 - Portfolio Value: $10000.00
2024-08-10 10:50:02,631 - Portfolio Value: $10000.00
2024-08-10 10:51:02,946 - Portfolio Value: $10000.00
2024-08-10 10:52:03,259 - Portfolio Value: $10000.00
2024-08-10 10:53:09,525 - Starting trading bot...
2024-08-10 10:53:10,207 - Portfolio Value: $10000.00
2024-08-10 10:54:10,490 - Portfolio Value: $10000.00
2024-08-10 10:55:10,858 - Portfolio Value: $10000.00
2024-08-10 10:56:11,173 - Portfolio Value: $10000.00
2024-08-10 10:57:11,681 - Portfolio Value: $10000.00
2024-08-10 10:58:11,952 - Portfolio Value: $10000.00
2024-08-10 10:59:12,252 - Portfolio Value: $10000.00
2024-08-10 11:00:12,615 - Portfolio Value: $10000.00
2024-08-10 11:01:12,919 - Portfolio Value: $10000.00
2024-08-10 11:02:13,242 - Portfolio Value: $10000.00
2024-08-10 11:03:13,528 - Portfolio Value: $10000.00
2024-08-10 11:04:13,870 - Portfolio Value: $10000.00
2024-08-10 11:05:14,152 - Portfolio Value: $10000.00
2024-08-10 11:06:14,499 - Portfolio Value: $10000.00
2024-08-10 11:07:14,812 - Portfolio Value: $10000.00
2024-08-10 11:08:15,125 - Portfolio Value: $10000.00
2024-08-10 11:09:15,440 - Portfolio Value: $10000.00
2024-08-10 11:10:15,754 - Portfolio Value: $10000.00
2024-08-10 11:11:16,067 - Portfolio Value: $10000.00
2024-08-10 11:12:16,365 - Portfolio Value: $10000.00
2024-08-10 11:13:16,710 - Portfolio Value: $10000.00
2024-08-10 11:14:16,989 - Portfolio Value: $10000.00
2024-08-10 11:15:17,338 - Portfolio Value: $10000.00
2024-08-10 11:16:17,653 - Portfolio Value: $10000.00
2024-08-10 11:17:17,933 - Portfolio Value: $10000.00
2024-08-10 11:18:18,219 - Portfolio Value: $10000.00
2024-08-10 11:19:18,596 - Portfolio Value: $10000.00
2024-08-10 11:20:18,882 - Portfolio Value: $10000.00
2024-08-10 11:21:19,224 - Portfolio Value: $10000.00
2024-08-10 11:22:19,538 - Portfolio Value: $10000.00
2024-08-10 11:23:19,852 - Portfolio Value: $10000.00
2024-08-10 11:24:20,132 - Portfolio Value: $10000.00
2024-08-10 11:25:20,414 - Portfolio Value: $10000.00
2024-08-10 11:26:20,693 - Portfolio Value: $10000.00
2024-08-10 11:27:21,009 - Portfolio Value: $10000.00
2024-08-10 11:28:21,326 - Portfolio Value: $10000.00
2024-08-10 11:29:21,640 - Portfolio Value: $10000.00
2024-08-10 11:30:21,955 - Portfolio Value: $10000.00
2024-08-10 11:31:22,835 - Portfolio Value: $10000.00
2024-08-10 11:32:23,121 - Portfolio Value: $10000.00
2024-08-10 11:33:23,513 - Portfolio Value: $10000.00
2024-08-10 11:34:23,826 - Portfolio Value: $10000.00
2024-08-10 11:35:24,106 - Portfolio Value: $10000.00
2024-08-10 11:36:24,456 - Portfolio Value: $10000.00
2024-08-10 11:37:24,743 - Portfolio Value: $10000.00
2024-08-10 11:38:25,084 - Portfolio Value: $10000.00
2024-08-10 11:39:25,399 - Portfolio Value: $10000.00
2024-08-10 11:40:25,712 - Portfolio Value: $10000.00
2024-08-10 11:41:26,026 - Portfolio Value: $10000.00
2024-08-10 11:42:26,341 - Portfolio Value: $10000.00
2024-08-10 11:43:26,637 - Portfolio Value: $10000.00
2024-08-10 11:44:26,949 - Portfolio Value: $10000.00
2024-08-10 11:45:27,263 - Portfolio Value: $10000.00
2024-08-10 11:46:27,576 - Portfolio Value: $10000.00
2024-08-10 11:47:27,852 - Portfolio Value: $10000.00
2024-08-10 11:48:28,204 - Portfolio Value: $10000.00
2024-08-10 11:49:28,488 - Portfolio Value: $10000.00
2024-08-10 11:50:28,776 - Portfolio Value: $10000.00
2024-08-10 11:51:29,146 - Portfolio Value: $10000.00
2024-08-10 11:52:29,460 - Portfolio Value: $10000.00
2024-08-10 11:53:29,773 - Portfolio Value: $10000.00
2024-08-10 11:54:30,181 - Portfolio Value: $10000.00
2024-08-10 12:49:06,828 - Starting trading bot...
2024-08-10 12:49:07,601 - Portfolio Value: $10000.00
2024-08-10 12:50:07,885 - Portfolio Value: $10000.00
2024-08-10 12:51:08,168 - Portfolio Value: $10000.00
2024-08-10 12:52:08,451 - Portfolio Value: $10000.00
2024-08-10 12:53:08,756 - Portfolio Value: $10000.00
2024-08-10 12:54:09,069 - Portfolio Value: $10000.00
2024-08-10 12:55:09,383 - Portfolio Value: $10000.00
2024-08-10 12:56:09,697 - Portfolio Value: $10000.00
2024-08-10 12:57:10,011 - Portfolio Value: $10000.00
2024-08-10 12:58:10,325 - Portfolio Value: $10000.00
2024-08-10 12:59:10,644 - Portfolio Value: $10000.00
2024-08-10 13:00:10,953 - Portfolio Value: $10000.00
2024-08-10 13:01:11,267 - Portfolio Value: $10000.00
2024-08-10 13:02:11,580 - Portfolio Value: $10000.00
2024-08-10 13:03:11,894 - Portfolio Value: $10000.00
2024-08-10 13:04:12,209 - Portfolio Value: $10000.00
2024-08-10 13:05:12,522 - Portfolio Value: $10000.00
2024-08-10 13:06:12,838 - Portfolio Value: $10000.00
2024-08-10 13:07:13,132 - Portfolio Value: $10000.00
2024-08-10 13:08:13,550 - Portfolio Value: $10000.00
2024-08-10 13:09:13,839 - Portfolio Value: $10000.00
2024-08-10 13:10:14,128 - Portfolio Value: $10000.00
2024-08-10 13:11:14,417 - Portfolio Value: $10000.00
2024-08-10 13:12:14,720 - Portfolio Value: $10000.00
2024-08-10 13:13:15,035 - Portfolio Value: $10000.00
2024-08-10 13:14:15,349 - Portfolio Value: $10000.00
2024-08-10 13:15:15,640 - Portfolio Value: $10000.00
2024-08-10 13:16:15,928 - Portfolio Value: $10000.00
2024-08-10 13:17:16,300 - Portfolio Value: $10000.00
2024-08-10 13:18:16,604 - Portfolio Value: $10000.00
2024-08-10 13:19:16,918 - Portfolio Value: $10000.00
2024-08-10 13:20:17,233 - Portfolio Value: $10000.00
2024-08-10 13:21:17,546 - Portfolio Value: $10000.00
2024-08-10 13:22:17,861 - Portfolio Value: $10000.00
2024-08-10 13:23:18,176 - Portfolio Value: $10000.00
2024-08-10 13:24:18,458 - Portfolio Value: $10000.00
2024-08-10 13:25:18,743 - Portfolio Value: $10000.00
2024-08-10 13:26:19,117 - Portfolio Value: $10000.00
2024-08-10 13:27:19,400 - Portfolio Value: $10000.00
2024-08-10 13:28:19,743 - Portfolio Value: $10000.00
2024-08-10 13:29:20,031 - Portfolio Value: $10000.00
2024-08-10 13:30:20,317 - Portfolio Value: $10000.00
2024-08-10 13:31:20,616 - Portfolio Value: $10000.00
2024-08-10 13:32:21,000 - Portfolio Value: $10000.00
2024-08-10 13:33:21,314 - Portfolio Value: $10000.00
2024-08-10 13:34:21,627 - Portfolio Value: $10000.00
2024-08-10 13:35:21,942 - Portfolio Value: $10000.00
2024-08-10 13:36:22,256 - Portfolio Value: $10000.00
2024-08-10 13:37:22,570 - Portfolio Value: $10000.00
2024-08-10 13:38:22,856 - Portfolio Value: $10000.00
2024-08-10 13:39:23,200 - Portfolio Value: $10000.00
2024-08-10 13:40:23,514 - Portfolio Value: $10000.00
2024-08-10 13:41:23,825 - Portfolio Value: $10000.00
2024-08-10 13:42:24,140 - Portfolio Value: $10000.00
2024-08-10 13:43:24,422 - Portfolio Value: $10000.00
2024-08-10 13:44:24,768 - Portfolio Value: $10000.00
2024-08-10 13:45:25,053 - Portfolio Value: $10000.00
2024-08-10 13:46:25,395 - Portfolio Value: $10000.00
2024-08-10 13:47:25,709 - Portfolio Value: $10000.00
2024-08-10 13:48:26,024 - Portfolio Value: $10000.00
2024-08-10 13:49:26,337 - Portfolio Value: $10000.00
2024-08-10 13:50:26,651 - Portfolio Value: $10000.00
2024-08-10 13:51:26,933 - Portfolio Value: $10000.00
2024-08-10 13:52:27,280 - Portfolio Value: $10000.00
2024-08-10 13:53:27,593 - Portfolio Value: $10000.00
2024-08-10 13:54:27,877 - Portfolio Value: $10000.00
2024-08-10 13:55:28,150 - Portfolio Value: $10000.00
2024-08-10 13:56:28,432 - Portfolio Value: $10000.00
2024-08-10 13:57:28,741 - Portfolio Value: $10000.00
2024-08-10 13:58:29,024 - Portfolio Value: $10000.00
2024-08-10 13:59:29,369 - Portfolio Value: $10000.00
2024-08-10 14:00:29,684 - Portfolio Value: $10000.00
2024-08-10 14:01:29,997 - Portfolio Value: $10000.00
2024-08-10 14:02:30,312 - Portfolio Value: $10000.00
2024-08-10 14:03:30,597 - Portfolio Value: $10000.00
2024-08-10 14:04:30,939 - Portfolio Value: $10000.00
2024-08-10 14:05:31,253 - Portfolio Value: $10000.00
2024-08-10 14:06:31,567 - Portfolio Value: $10000.00
2024-08-10 14:07:31,881 - Portfolio Value: $10000.00
2024-08-10 14:08:32,196 - Portfolio Value: $10000.00
2024-08-10 14:09:32,504 - Portfolio Value: $10000.00
2024-08-10 14:10:32,799 - Portfolio Value: $10000.00
2024-08-10 14:11:33,115 - Portfolio Value: $10000.00
2024-08-10 14:12:33,426 - Portfolio Value: $10000.00
2024-08-10 14:13:33,732 - Portfolio Value: $10000.00
2024-08-10 14:14:34,053 - Portfolio Value: $10000.00
2024-08-10 14:15:34,771 - Portfolio Value: $10000.00
2024-08-10 14:16:35,053 - Portfolio Value: $10000.00
2024-08-10 14:17:35,332 - Portfolio Value: $10000.00
2024-08-10 14:18:40,070 - Portfolio Value: $10000.00
2024-08-10 14:19:40,351 - Portfolio Value: $10000.00
2024-08-10 14:20:40,646 - Portfolio Value: $10000.00
2024-08-10 14:21:40,959 - Portfolio Value: $10000.00
2024-08-10 14:22:41,275 - Portfolio Value: $10000.00
2024-08-10 14:23:41,587 - Portfolio Value: $10000.00
2024-08-10 14:24:41,901 - Portfolio Value: $10000.00
2024-08-10 14:25:42,213 - Portfolio Value: $10000.00
2024-08-10 14:26:42,528 - Portfolio Value: $10000.00
2024-08-10 14:27:42,856 - Portfolio Value: $10000.00
2024-08-10 14:28:43,171 - Portfolio Value: $10000.00
2024-08-10 14:29:43,485 - Portfolio Value: $10000.00
2024-08-10 14:30:43,799 - Portfolio Value: $10000.00
2024-08-10 14:31:44,088 - Portfolio Value: $10000.00
2024-08-10 14:32:44,368 - Portfolio Value: $10000.00
2024-08-10 15:26:30,232 - Connection error encountered: ('Connection aborted.', RemoteDisconnected('Remote end closed connection without response'))
2024-08-10 15:27:30,818 - Portfolio Value: $10000.00
2024-08-10 15:28:31,206 - Portfolio Value: $10000.00
2024-08-10 15:29:31,520 - Portfolio Value: $10000.00
2024-08-10 15:30:31,798 - Portfolio Value: $10000.00
2024-08-10 15:31:32,455 - Portfolio Value: $10000.00
2024-08-10 15:32:32,770 - Portfolio Value: $10000.00
2024-08-10 15:33:33,090 - Portfolio Value: $10000.00
2024-08-10 15:34:33,399 - Portfolio Value: $10000.00
2024-08-10 15:35:33,688 - Portfolio Value: $10000.00
2024-08-10 15:36:33,965 - Portfolio Value: $10000.00
2024-08-10 15:37:34,339 - Portfolio Value: $10000.00
2024-08-10 15:38:34,653 - Portfolio Value: $10000.00
2024-08-10 15:39:34,967 - Portfolio Value: $10000.00
2024-08-10 15:40:35,281 - Portfolio Value: $10000.00
2024-08-10 15:41:35,570 - Portfolio Value: $10000.00
2024-08-10 15:42:35,910 - Portfolio Value: $10000.00
2024-08-10 15:43:36,223 - Portfolio Value: $10000.00
2024-08-10 15:44:36,505 - Portfolio Value: $10000.00
2024-08-10 15:45:36,824 - Portfolio Value: $10000.00
2024-08-10 15:46:37,165 - Portfolio Value: $10000.00
2024-08-10 15:47:37,480 - Portfolio Value: $10000.00
2024-08-10 15:48:37,761 - Portfolio Value: $10000.00
2024-08-10 15:49:38,043 - Portfolio Value: $10000.00
2024-08-10 15:50:38,323 - Portfolio Value: $10000.00
2024-08-10 15:51:38,605 - Portfolio Value: $10000.00
2024-08-10 15:52:38,921 - Portfolio Value: $10000.00
2024-08-10 15:53:39,231 - Portfolio Value: $10000.00
2024-08-10 15:54:39,544 - Portfolio Value: $10000.00
2024-08-10 15:55:39,858 - Portfolio Value: $10000.00
2024-08-10 15:56:40,160 - Portfolio Value: $10000.00
2024-08-10 15:57:40,450 - Portfolio Value: $10000.00
2024-08-10 15:58:40,729 - Portfolio Value: $10000.00
2024-08-10 15:59:41,010 - Portfolio Value: $10000.00
2024-08-10 16:00:41,323 - Portfolio Value: $10000.00
2024-08-10 16:01:41,636 - Portfolio Value: $10000.00
2024-08-10 16:02:41,912 - Portfolio Value: $10000.00
2024-08-10 16:03:42,265 - Portfolio Value: $10000.00
2024-08-10 16:04:42,577 - Portfolio Value: $10000.00
2024-08-10 16:05:42,892 - Portfolio Value: $10000.00
2024-08-10 16:06:43,205 - Portfolio Value: $10000.00
2024-08-10 16:07:43,519 - Portfolio Value: $10000.00
2024-08-10 16:08:43,841 - Portfolio Value: $10000.00
2024-08-10 16:09:44,124 - Portfolio Value: $10000.00
2024-08-10 16:10:44,413 - Portfolio Value: $10000.00
2024-08-10 16:11:44,779 - Portfolio Value: $10000.00
2024-08-10 16:12:45,061 - Portfolio Value: $10000.00
2024-08-10 16:13:45,411 - Portfolio Value: $10000.00
2024-08-10 16:14:45,726 - Portfolio Value: $10000.00
2024-08-10 16:15:46,337 - Portfolio Value: $10000.00
2024-08-10 16:16:46,661 - Portfolio Value: $10000.00
2024-08-10 16:17:46,977 - Portfolio Value: $10000.00
2024-08-10 16:18:47,260 - Portfolio Value: $10000.00
2024-08-10 16:19:47,537 - Portfolio Value: $10000.00
2024-08-10 16:20:47,850 - Portfolio Value: $10000.00
2024-08-10 16:21:48,130 - Portfolio Value: $10000.00
2024-08-10 16:22:48,405 - Portfolio Value: $10000.00
2024-08-10 16:23:48,688 - Portfolio Value: $10000.00
2024-08-10 16:24:48,971 - Portfolio Value: $10000.00
2024-08-10 16:25:49,279 - Portfolio Value: $10000.00
2024-08-10 16:26:49,593 - Portfolio Value: $10000.00
2024-08-10 16:27:49,876 - Portfolio Value: $10000.00
2024-08-10 16:28:50,186 - Portfolio Value: $10000.00
2024-08-10 16:29:50,478 - Portfolio Value: $10000.00
2024-08-10 16:30:50,765 - Portfolio Value: $10000.00
2024-08-10 16:31:51,044 - Portfolio Value: $10000.00
2024-08-10 16:32:51,287 - Portfolio Value: $10000.00
2024-08-10 16:33:51,563 - Portfolio Value: $10000.00
2024-08-10 16:34:51,859 - Portfolio Value: $10000.00
2024-08-10 16:35:52,136 - Portfolio Value: $10000.00
2024-08-10 16:36:52,486 - Portfolio Value: $10000.00
2024-08-10 16:37:52,760 - Portfolio Value: $10000.00
2024-08-10 16:38:53,040 - Portfolio Value: $10000.00
2024-08-10 16:39:53,426 - Portfolio Value: $10000.00
2024-08-10 16:40:53,739 - Portfolio Value: $10000.00
2024-08-10 16:41:54,020 - Portfolio Value: $10000.00
2024-08-10 16:42:54,301 - Portfolio Value: $10000.00
2024-08-10 16:43:54,678 - Portfolio Value: $10000.00
2024-08-10 16:44:54,961 - Portfolio Value: $10000.00
2024-08-10 16:45:55,305 - Portfolio Value: $10000.00
2024-08-10 16:46:55,585 - Portfolio Value: $10000.00
2024-08-10 16:47:55,931 - Portfolio Value: $10000.00
2024-08-10 16:48:56,257 - Portfolio Value: $10000.00
2024-08-10 16:49:56,571 - Portfolio Value: $10000.00
2024-08-10 16:50:56,885 - Bought 0.16533639756790158 BTCUSDT at price 60482.75
2024-08-10 16:50:56,885 - Portfolio Value: $10000.00
2024-08-10 16:51:57,198 - Portfolio Value: $10007.10
2024-08-10 16:52:57,482 - Portfolio Value: $10008.61
2024-08-10 16:53:57,768 - Portfolio Value: $10011.55
2024-08-10 16:54:58,138 - Portfolio Value: $10007.90
2024-08-10 16:55:58,451 - Portfolio Value: $10006.02
2024-08-10 16:56:58,766 - Portfolio Value: $9998.88
2024-08-10 16:57:59,047 - Portfolio Value: $9995.22
2024-08-10 16:58:59,392 - Portfolio Value: $9993.33
2024-08-10 16:59:59,705 - Portfolio Value: $9991.54
2024-08-10 17:00:59,993 - Portfolio Value: $9995.41
2024-08-10 17:02:00,275 - Portfolio Value: $9995.85
2024-08-10 17:03:00,550 - Portfolio Value: $9995.26
2024-08-10 17:04:00,832 - Portfolio Value: $9993.03
2024-08-10 17:05:01,170 - Portfolio Value: $9993.03
2024-08-10 17:06:01,483 - Portfolio Value: $9998.61
2024-08-10 17:07:01,807 - Portfolio Value: $9996.07
2024-08-10 17:08:02,156 - Portfolio Value: $9987.93
2024-08-10 17:09:02,471 - Portfolio Value: $9993.72
2024-08-10 17:10:02,751 - Portfolio Value: $10006.51
2024-08-10 17:11:03,037 - Portfolio Value: $10003.85
2024-08-10 17:12:03,413 - Portfolio Value: $10003.57
2024-08-10 17:13:03,727 - Portfolio Value: $10003.02
2024-08-10 17:14:04,006 - Portfolio Value: $10006.17
2024-08-10 17:15:04,356 - Portfolio Value: $10009.10
2024-08-10 17:16:04,670 - Portfolio Value: $10005.44
2024-08-10 17:17:04,943 - Portfolio Value: $9999.38
2024-08-10 17:18:05,298 - Portfolio Value: $10011.37
2024-08-10 17:19:05,612 - Portfolio Value: $10005.78
2024-08-10 17:20:05,899 - Portfolio Value: $10017.27
2024-08-10 17:21:06,179 - Portfolio Value: $10019.39
2024-08-10 17:22:06,459 - Portfolio Value: $10017.51
2024-08-10 17:23:06,766 - Portfolio Value: $10013.83
2024-08-10 17:24:07,070 - Portfolio Value: $10013.37
2024-08-10 17:25:07,383 - Portfolio Value: $10015.86
2024-08-10 17:26:07,697 - Portfolio Value: $10013.76
2024-08-10 17:27:07,979 - Portfolio Value: $10008.85
2024-08-10 17:28:08,325 - Portfolio Value: $10011.19
2024-08-10 17:29:08,638 - Portfolio Value: $10011.75
2024-08-10 17:30:08,926 - Portfolio Value: $10018.70
2024-08-10 17:31:09,207 - Portfolio Value: $10016.70
2024-08-10 17:32:09,581 - Portfolio Value: $10014.33
2024-08-10 17:33:09,896 - Portfolio Value: $10016.01
2024-08-10 17:42:39,233 - Connection error encountered: ('Connection aborted.', RemoteDisconnected('Remote end closed connection without response'))
2024-08-10 17:43:39,820 - Portfolio Value: $10026.83
2024-08-10 17:44:40,117 - Portfolio Value: $10028.12
2024-08-10 17:45:40,434 - Portfolio Value: $10029.90
2024-08-10 17:46:40,849 - Portfolio Value: $10030.18
2024-08-10 17:47:41,137 - Portfolio Value: $10026.83
2024-08-10 17:48:41,475 - Portfolio Value: $10023.41
2024-08-10 17:49:41,789 - Portfolio Value: $10020.87
2024-08-10 17:50:42,103 - Portfolio Value: $10023.52
2024-08-10 17:51:42,417 - Portfolio Value: $10024.68
2024-08-10 17:52:43,038 - Portfolio Value: $10023.68
2024-08-10 17:53:43,335 - Portfolio Value: $10025.67
2024-08-10 17:54:43,631 - Portfolio Value: $10027.32
2024-08-10 17:55:43,914 - Portfolio Value: $10021.67
2024-08-10 17:56:44,202 - Portfolio Value: $10015.48
2024-08-10 17:57:44,505 - Portfolio Value: $10013.34
2024-08-10 17:58:44,795 - Portfolio Value: $10016.20
2024-08-10 17:59:45,134 - Portfolio Value: $10016.97
2024-08-10 18:00:45,550 - Portfolio Value: $10019.06
2024-08-10 18:01:45,863 - Portfolio Value: $10014.52
2024-08-10 18:02:46,177 - Portfolio Value: $10008.85
2024-08-10 18:03:46,471 - Portfolio Value: $10007.40
2024-08-10 18:04:46,753 - Portfolio Value: $10005.26
2024-08-10 18:05:47,043 - Portfolio Value: $10009.78
2024-08-10 18:06:47,329 - Portfolio Value: $10009.78
2024-08-10 18:07:47,644 - Portfolio Value: $10014.93
2024-08-10 18:08:47,959 - Portfolio Value: $10021.08
2024-08-10 18:09:48,273 - Portfolio Value: $10021.81
2024-08-10 18:10:48,587 - Portfolio Value: $10022.61
2024-08-10 18:11:48,904 - Portfolio Value: $10017.85
2024-08-10 18:12:49,189 - Portfolio Value: $10024.72
2024-08-10 18:13:49,468 - Portfolio Value: $10037.27
2024-08-10 18:14:49,782 - Portfolio Value: $10036.60
2024-08-10 18:15:50,075 - Portfolio Value: $10040.23
2024-08-10 18:16:50,363 - Portfolio Value: $10036.00
2024-08-10 18:17:50,649 - Portfolio Value: $10026.19
2024-08-10 18:18:50,942 - Portfolio Value: $10028.51
2024-08-10 18:19:51,230 - Portfolio Value: $10033.75
2024-08-10 18:20:51,520 - Portfolio Value: $10025.01
2024-08-10 18:21:51,809 - Portfolio Value: $10018.45
2024-08-10 18:22:52,099 - Portfolio Value: $10016.49
2024-08-10 18:23:52,385 - Portfolio Value: $10020.50
2024-08-10 18:24:52,674 - Portfolio Value: $10023.35
2024-08-10 18:25:52,961 - Portfolio Value: $10022.05
2024-08-10 18:26:53,252 - Portfolio Value: $10024.90
2024-08-10 18:27:53,543 - Portfolio Value: $10025.01
2024-08-10 18:28:53,834 - Portfolio Value: $10032.15
2024-08-10 18:29:54,121 - Portfolio Value: $10033.21
2024-08-10 18:30:55,788 - Portfolio Value: $10032.57
2024-08-10 18:31:56,070 - Portfolio Value: $10033.49
2024-08-10 18:32:56,428 - Portfolio Value: $10035.92
2024-08-10 18:33:56,718 - Portfolio Value: $10040.70
2024-08-10 18:34:57,522 - Portfolio Value: $10038.02
2024-08-10 18:35:57,810 - Portfolio Value: $10035.92
2024-08-10 18:36:58,186 - Portfolio Value: $10042.08
2024-08-10 18:37:58,480 - Portfolio Value: $10039.73
2024-08-10 18:38:58,765 - Portfolio Value: $10039.39
2024-08-10 18:39:59,049 - Portfolio Value: $10037.16
2024-08-10 18:40:59,332 - Portfolio Value: $10038.14
2024-08-10 18:41:59,651 - Portfolio Value: $10031.46
2024-08-10 18:42:59,967 - Portfolio Value: $10033.00
2024-08-10 18:44:00,279 - Portfolio Value: $10031.95
2024-08-10 18:45:00,593 - Portfolio Value: $10032.99
2024-08-10 18:46:00,875 - Portfolio Value: $10025.12
2024-08-10 18:47:01,155 - Portfolio Value: $10023.68
2024-08-10 18:48:01,463 - Portfolio Value: $10028.64
2024-08-10 18:49:01,850 - Portfolio Value: $10031.56
2024-08-10 18:50:02,680 - Portfolio Value: $10026.99
2024-08-10 18:51:02,990 - Portfolio Value: $10027.53
2024-08-10 18:52:03,303 - Portfolio Value: $10026.35
2024-08-10 18:53:03,598 - Portfolio Value: $10024.21
2024-08-10 18:54:03,931 - Portfolio Value: $10024.02
2024-08-10 18:55:04,245 - Portfolio Value: $10023.49
2024-08-10 18:56:04,524 - Portfolio Value: $10020.26
2024-08-10 18:57:04,873 - Portfolio Value: $10022.66
2024-08-10 18:58:05,153 - Portfolio Value: $10018.51
2024-08-10 18:59:05,347 - Portfolio Value: $10016.39
2024-08-10 19:00:05,630 - Portfolio Value: $10004.17
2024-08-10 19:01:05,909 - Portfolio Value: $10009.46
2024-08-10 19:02:06,188 - Portfolio Value: $10010.28
2024-08-10 19:03:06,558 - Portfolio Value: $10013.43
2024-08-10 19:04:06,849 - Portfolio Value: $10009.55
2024-08-10 19:05:07,132 - Portfolio Value: $10000.41
2024-08-10 19:06:07,496 - Portfolio Value: $10000.16
2024-08-10 19:07:07,811 - Portfolio Value: $10008.07
2024-08-10 19:08:08,123 - Portfolio Value: $9992.93
2024-08-10 19:09:08,437 - Portfolio Value: $9993.51
2024-08-10 19:10:09,172 - Portfolio Value: $10005.35
2024-08-10 19:11:09,471 - Portfolio Value: $10002.19
2024-08-10 19:12:09,761 - Portfolio Value: $9999.93
2024-08-10 19:13:10,046 - Portfolio Value: $10007.48
2024-08-10 19:14:10,410 - Portfolio Value: $10014.43
2024-08-10 19:15:10,725 - Portfolio Value: $10019.05
2024-08-10 19:16:11,015 - Portfolio Value: $10017.19
2024-08-10 19:17:11,300 - Portfolio Value: $10014.76
2024-08-10 19:18:11,595 - Portfolio Value: $10014.95
2024-08-10 19:19:11,887 - Portfolio Value: $10014.15
2024-08-10 19:20:12,168 - Portfolio Value: $10017.61
2024-08-10 19:21:12,498 - Portfolio Value: $10014.51
2024-08-10 19:22:12,811 - Portfolio Value: $10023.79
2024-08-10 19:23:13,144 - Portfolio Value: $10025.60
2024-08-10 19:24:13,952 - Portfolio Value: $10026.72
2024-08-10 19:25:14,269 - Portfolio Value: $10028.15
2024-08-10 19:26:14,578 - Portfolio Value: $10034.18
2024-08-10 19:27:14,894 - Portfolio Value: $10032.44
2024-08-10 19:28:15,172 - Portfolio Value: $10028.96
2024-08-10 19:29:15,514 - Portfolio Value: $10030.21
2024-08-10 19:30:15,831 - Portfolio Value: $10032.05
2024-08-10 19:31:16,114 - Portfolio Value: $10036.31
2024-08-10 19:32:16,454 - Portfolio Value: $10035.42
2024-08-10 19:33:16,773 - Portfolio Value: $10034.57
2024-08-10 19:34:17,074 - Portfolio Value: $10026.29
2024-08-10 19:35:17,801 - Portfolio Value: $10032.53
2024-08-10 19:36:18,081 - Portfolio Value: $10035.26
2024-08-10 19:37:18,441 - Portfolio Value: $10033.20
2024-08-10 19:38:18,723 - Portfolio Value: $10032.73
2024-08-10 19:39:19,054 - Portfolio Value: $10028.09
2024-08-10 19:40:19,344 - Portfolio Value: $10030.21
2024-08-10 19:41:19,628 - Portfolio Value: $10030.22
2024-08-10 19:42:19,994 - Portfolio Value: $10033.20
2024-08-10 19:43:20,289 - Portfolio Value: $10035.42
2024-08-10 19:44:20,741 - Portfolio Value: $10034.47
2024-08-10 19:45:21,034 - Portfolio Value: $10030.30
2024-08-10 19:46:21,349 - Portfolio Value: $10030.30
2024-08-10 19:47:21,663 - Portfolio Value: $10033.60
2024-08-10 19:48:21,942 - Portfolio Value: $10032.49
2024-08-10 19:49:22,227 - Portfolio Value: $10033.92
2024-08-10 19:50:22,529 - Portfolio Value: $10030.96
2024-08-10 19:51:22,912 - Portfolio Value: $10026.90
2024-08-10 19:52:23,225 - Portfolio Value: $10021.67
2024-08-10 19:53:23,503 - Portfolio Value: $10026.62
2024-08-10 19:54:23,810 - Portfolio Value: $10030.88
2024-08-10 19:55:24,088 - Portfolio Value: $10032.61
2024-08-10 19:56:24,477 - Portfolio Value: $10031.95
2024-08-10 19:57:24,758 - Portfolio Value: $10034.65
2024-08-10 19:58:25,104 - Portfolio Value: $10026.62
2024-08-10 19:59:25,635 - Portfolio Value: $10030.76
2024-08-10 20:00:25,978 - Portfolio Value: $10031.39
2024-08-10 20:01:26,294 - Portfolio Value: $10030.96
2024-08-10 20:02:26,608 - Portfolio Value: $10025.48
2024-08-10 20:03:26,924 - Portfolio Value: $10023.61
2024-08-10 20:04:27,209 - Portfolio Value: $10026.66
2024-08-10 20:05:27,495 - Portfolio Value: $10018.81
2024-08-10 20:06:27,777 - Portfolio Value: $10018.21
2024-08-10 20:07:28,060 - Portfolio Value: $10023.04
2024-08-10 20:08:28,343 - Portfolio Value: $10022.36
2024-08-10 20:09:28,624 - Portfolio Value: $10022.36
2024-08-10 20:10:28,911 - Portfolio Value: $10031.57
2024-08-10 20:11:29,234 - Portfolio Value: $10032.46
2024-08-10 20:12:29,521 - Portfolio Value: $10033.93
2024-08-10 20:13:29,862 - Portfolio Value: $10032.49
2024-08-10 20:14:30,146 - Portfolio Value: $10033.27
2024-08-10 20:15:30,445 - Portfolio Value: $10032.79
2024-08-10 20:16:30,729 - Portfolio Value: $10026.87
2024-08-10 20:17:31,087 - Portfolio Value: $10028.71
2024-08-10 20:18:31,402 - Portfolio Value: $10026.72
2024-08-10 20:19:31,715 - Portfolio Value: $10032.65
2024-08-10 20:20:31,996 - Portfolio Value: $10035.73
2024-08-10 20:21:32,345 - Portfolio Value: $10030.71
2024-08-10 20:22:32,658 - Portfolio Value: $10031.95
2024-08-10 20:23:32,946 - Portfolio Value: $10030.09
2024-08-10 20:24:33,264 - Portfolio Value: $10029.62
2024-08-10 20:25:33,565 - Portfolio Value: $10028.96
2024-08-10 20:26:33,866 - Portfolio Value: $10025.90
2024-08-10 20:27:34,150 - Portfolio Value: $10025.50
2024-08-10 20:28:34,883 - Portfolio Value: $10025.50
2024-08-10 20:29:35,601 - Portfolio Value: $10028.01
2024-08-10 20:30:35,991 - Portfolio Value: $10025.50
2024-08-10 20:31:36,286 - Portfolio Value: $10022.36
2024-08-10 20:32:36,644 - Portfolio Value: $10024.34
2024-08-10 20:33:37,469 - Portfolio Value: $10025.37
2024-08-10 20:34:37,783 - Portfolio Value: $10024.49
2024-08-10 20:35:38,102 - Portfolio Value: $10025.83
2024-08-10 20:36:38,380 - Portfolio Value: $10024.51
2024-08-10 20:37:38,663 - Portfolio Value: $10025.26
2024-08-10 20:38:38,947 - Portfolio Value: $10030.79
2024-08-10 20:39:39,254 - Portfolio Value: $10031.95
2024-08-10 20:40:39,975 - Portfolio Value: $10030.79
2024-08-10 20:41:40,256 - Portfolio Value: $10028.79
2024-08-10 20:42:40,606 - Portfolio Value: $10028.82
2024-08-10 20:43:40,917 - Portfolio Value: $10031.24
2024-08-10 20:44:41,322 - Portfolio Value: $10029.66
2024-08-10 20:45:41,655 - Portfolio Value: $10025.51
2024-08-10 20:46:41,967 - Portfolio Value: $10025.09
2024-08-10 20:47:42,281 - Portfolio Value: $10026.07
2024-08-10 20:48:42,595 - Portfolio Value: $10031.09
2024-08-10 20:49:42,918 - Portfolio Value: $10029.59
2024-08-10 20:50:43,195 - Portfolio Value: $10032.61
2024-08-10 20:51:43,507 - Portfolio Value: $10036.92
2024-08-10 20:52:43,824 - Portfolio Value: $10040.09
2024-08-10 20:53:44,111 - Portfolio Value: $10040.79
2024-08-10 20:54:44,402 - Portfolio Value: $10050.47
2024-08-10 20:55:44,685 - Portfolio Value: $10048.73
2024-08-10 20:56:44,975 - Portfolio Value: $10047.00
2024-08-10 20:57:45,291 - Portfolio Value: $10041.87
2024-08-10 20:58:45,604 - Portfolio Value: $10044.12
2024-08-10 20:59:45,917 - Portfolio Value: $10044.12
2024-08-10 21:00:46,231 - Portfolio Value: $10044.57
2024-08-10 21:01:46,548 - Portfolio Value: $10042.53
2024-08-10 21:02:46,859 - Portfolio Value: $10043.20
2024-08-10 21:03:47,142 - Portfolio Value: $10047.21
2024-08-10 21:04:47,422 - Portfolio Value: $10050.47
2024-08-10 21:05:47,705 - Portfolio Value: $10051.33
2024-08-10 21:06:48,015 - Portfolio Value: $10050.40
2024-08-10 21:07:48,513 - Portfolio Value: $10051.86
2024-08-10 21:08:48,802 - Portfolio Value: $10055.76
2024-08-10 21:09:49,159 - Portfolio Value: $10072.51
2024-08-10 21:10:49,498 - Portfolio Value: $10073.62
2024-08-10 21:11:49,780 - Portfolio Value: $10091.03
2024-08-10 21:12:50,128 - Portfolio Value: $10092.14
2024-08-10 21:13:50,542 - Portfolio Value: $10103.64
2024-08-10 21:14:50,833 - Portfolio Value: $10098.07
2024-08-10 21:15:51,145 - Portfolio Value: $10086.69
2024-08-10 21:16:51,424 - Portfolio Value: $10088.18
2024-08-10 21:17:51,804 - Portfolio Value: $10087.83
2024-08-10 21:18:52,115 - Portfolio Value: $10090.30
2024-08-10 21:19:52,431 - Portfolio Value: $10090.94
2024-08-10 21:20:52,722 - Portfolio Value: $10084.24
2024-08-10 21:21:53,063 - Portfolio Value: $10081.88
2024-08-10 21:22:53,353 - Portfolio Value: $10081.89
2024-08-10 21:23:53,690 - Portfolio Value: $10082.36
2024-08-10 21:24:53,983 - Portfolio Value: $10090.94
2024-08-10 21:25:54,316 - Portfolio Value: $10092.46
2024-08-10 21:26:54,630 - Portfolio Value: $10083.98
2024-08-10 21:27:55,015 - Portfolio Value: $10088.30
2024-08-10 21:28:55,362 - Portfolio Value: $10087.23
2024-08-10 21:29:55,643 - Portfolio Value: $10084.39
2024-08-10 21:30:55,931 - Portfolio Value: $10079.98
2024-08-10 21:31:56,329 - Portfolio Value: $10075.33
2024-08-10 21:32:56,722 - Portfolio Value: $10074.50
2024-08-10 21:33:57,037 - Portfolio Value: $10082.06
2024-08-10 21:34:57,350 - Portfolio Value: $10075.93
2024-08-10 21:35:57,665 - Portfolio Value: $10076.61
2024-08-10 21:36:57,955 - Portfolio Value: $10085.02
2024-08-10 21:37:58,234 - Portfolio Value: $10082.44
2024-08-10 21:38:59,017 - Portfolio Value: $10093.06
2024-08-10 21:39:59,311 - Portfolio Value: $10098.52
2024-08-10 21:40:59,613 - Portfolio Value: $10100.54
2024-08-10 21:41:59,898 - Portfolio Value: $10100.42
2024-08-10 21:43:00,183 - Portfolio Value: $10101.62
2024-08-10 21:44:00,503 - Portfolio Value: $10106.02
2024-08-10 21:45:00,762 - Portfolio Value: $10107.01
2024-08-10 21:46:01,072 - Portfolio Value: $10111.31
2024-08-10 21:47:01,358 - Portfolio Value: $10102.71
2024-08-10 21:48:01,652 - Portfolio Value: $10098.75
2024-08-10 21:49:01,942 - Portfolio Value: $10092.43
2024-08-10 21:50:02,736 - Portfolio Value: $10093.97
2024-08-10 21:51:03,033 - Portfolio Value: $10093.25
2024-08-10 21:52:03,326 - Portfolio Value: $10084.86
2024-08-10 21:53:03,615 - Portfolio Value: $10075.43
2024-08-10 21:54:03,991 - Portfolio Value: $10066.51
2024-08-10 21:55:04,278 - Portfolio Value: $10072.41
2024-08-10 21:56:04,570 - Portfolio Value: $10070.92
2024-08-10 21:57:04,864 - Portfolio Value: $10077.19
2024-08-10 21:58:05,587 - Portfolio Value: $10075.33
2024-08-10 21:59:05,970 - Portfolio Value: $10076.01
2024-08-10 22:00:06,260 - Portfolio Value: $10078.59
2024-08-10 22:01:06,597 - Portfolio Value: $10073.63
2024-08-10 22:02:06,910 - Portfolio Value: $10072.86
2024-08-10 22:03:07,252 - Portfolio Value: $10077.18
2024-08-10 22:04:07,567 - Portfolio Value: $10073.84
2024-08-10 22:05:07,874 - Portfolio Value: $10068.98
2024-08-10 22:06:08,196 - Portfolio Value: $10066.01
2024-08-10 22:07:08,509 - Portfolio Value: $10070.64
2024-08-10 22:08:09,237 - Portfolio Value: $10071.33
2024-08-10 22:09:09,969 - Portfolio Value: $10068.98
2024-08-10 22:10:10,783 - Portfolio Value: $10059.62
2024-08-10 22:11:11,077 - Portfolio Value: $10065.07
2024-08-10 22:12:11,822 - Portfolio Value: $10065.02
2024-08-10 22:13:12,136 - Portfolio Value: $10065.02
2024-08-10 22:14:12,481 - Portfolio Value: $10065.07
2024-08-10 22:15:13,196 - Portfolio Value: $10066.74
2024-08-10 22:16:14,001 - Portfolio Value: $10064.55
2024-08-10 22:17:14,314 - Portfolio Value: $10064.78
2024-08-10 22:18:14,598 - Portfolio Value: $10083.42
2024-08-10 22:19:14,895 - Portfolio Value: $10085.33
2024-08-10 22:20:15,115 - Portfolio Value: $10091.03
2024-08-10 22:21:15,407 - Portfolio Value: $10090.60
2024-08-10 22:22:15,690 - Portfolio Value: $10098.08
2024-08-10 22:23:15,969 - Portfolio Value: $10093.25
2024-08-10 22:24:16,248 - Portfolio Value: $10092.80
2024-08-10 22:25:16,529 - Portfolio Value: $10092.73
2024-08-10 22:26:16,823 - Portfolio Value: $10093.23
2024-08-10 22:27:17,162 - Portfolio Value: $10097.75
2024-08-10 22:28:17,475 - Portfolio Value: $10089.66
2024-08-10 22:29:17,762 - Portfolio Value: $10090.48
2024-08-10 22:30:18,039 - Portfolio Value: $10096.24
2024-08-10 22:31:18,413 - Portfolio Value: $10096.35
2024-08-10 22:32:18,691 - Portfolio Value: $10095.92
2024-08-10 22:33:18,967 - Portfolio Value: $10097.31
2024-08-10 22:34:19,253 - Portfolio Value: $10100.71
2024-08-10 22:35:19,564 - Portfolio Value: $10101.78
2024-08-10 22:36:20,024 - Portfolio Value: $10108.10
2024-08-10 22:37:20,324 - Portfolio Value: $10106.48
2024-08-10 22:38:20,621 - Portfolio Value: $10101.01
2024-08-10 22:39:20,934 - Portfolio Value: $10102.11
2024-08-10 22:40:21,211 - Portfolio Value: $10095.55
2024-08-10 22:41:21,560 - Portfolio Value: $10099.33
2024-08-10 22:42:21,837 - Portfolio Value: $10098.15
2024-08-10 22:43:22,193 - Portfolio Value: $10099.08
2024-08-10 22:44:22,477 - Portfolio Value: $10103.37
2024-08-10 22:45:22,764 - Portfolio Value: $10099.67
2024-08-10 22:46:23,049 - Portfolio Value: $10090.25
2024-08-10 22:47:23,338 - Portfolio Value: $10094.12
2024-08-10 22:48:23,651 - Portfolio Value: $10088.85
2024-08-10 22:49:23,929 - Portfolio Value: $10097.24
2024-08-10 22:50:24,265 - Portfolio Value: $10094.28
2024-08-10 22:51:24,976 - Portfolio Value: $10089.88
2024-08-10 22:52:25,693 - Portfolio Value: $10083.12
2024-08-10 22:53:26,037 - Portfolio Value: $10084.08
2024-08-10 22:54:26,316 - Portfolio Value: $10083.66
2024-08-10 22:55:26,601 - Portfolio Value: $10083.87
2024-08-10 22:56:27,012 - Portfolio Value: $10087.23
2024-08-10 22:57:27,327 - Portfolio Value: $10087.23
2024-08-10 22:58:27,622 - Portfolio Value: $10086.40
2024-08-10 22:59:27,923 - Portfolio Value: $10086.40
2024-08-10 23:00:28,216 - Portfolio Value: $10090.39
2024-08-10 23:01:28,544 - Portfolio Value: $10092.23
2024-08-10 23:02:28,896 - Portfolio Value: $10089.16
2024-08-10 23:03:29,209 - Portfolio Value: $10089.27
2024-08-10 23:04:29,524 - Portfolio Value: $10080.56
2024-08-10 23:05:29,837 - Portfolio Value: $10082.39
2024-08-10 23:06:30,154 - Portfolio Value: $10091.04
2024-08-10 23:07:30,465 - Portfolio Value: $10096.45
2024-08-10 23:08:30,777 - Portfolio Value: $10098.75
2024-08-10 23:09:31,093 - Portfolio Value: $10103.50
2024-08-10 23:10:31,405 - Portfolio Value: $10103.04
2024-08-10 23:11:31,727 - Portfolio Value: $10097.98
2024-08-10 23:12:32,136 - Portfolio Value: $10094.14
2024-08-10 23:13:32,451 - Portfolio Value: $10093.62
2024-08-10 23:14:32,763 - Portfolio Value: $10090.15
2024-08-10 23:15:33,059 - Portfolio Value: $10089.51
2024-08-10 23:16:33,371 - Portfolio Value: $10087.01
2024-08-10 23:17:33,660 - Portfolio Value: $10086.15
2024-08-10 23:18:33,951 - Portfolio Value: $10086.15
2024-08-10 23:19:34,244 - Portfolio Value: $10079.73
2024-08-10 23:20:34,532 - Portfolio Value: $10080.01
2024-08-10 23:21:34,940 - Portfolio Value: $10077.77
2024-08-10 23:22:35,235 - Portfolio Value: $10077.13
2024-08-10 23:23:35,515 - Portfolio Value: $10078.25
2024-08-10 23:24:35,795 - Portfolio Value: $10079.34
2024-08-10 23:25:36,090 - Portfolio Value: $10078.12
2024-08-10 23:26:36,404 - Portfolio Value: $10073.14
2024-08-10 23:27:36,810 - Portfolio Value: $10072.39
2024-08-10 23:28:37,133 - Portfolio Value: $10076.73
2024-08-10 23:29:37,420 - Portfolio Value: $10074.76
2024-08-10 23:30:37,760 - Portfolio Value: $10071.32
2024-08-10 23:31:38,040 - Portfolio Value: $10078.59
2024-08-10 23:32:38,357 - Portfolio Value: $10079.37
2024-08-10 23:33:38,645 - Portfolio Value: $10078.22
2024-08-10 23:34:39,017 - Portfolio Value: $10077.38
2024-08-10 23:35:39,669 - Portfolio Value: $10079.58
2024-08-10 23:36:39,983 - Portfolio Value: $10084.01
2024-08-10 23:37:40,346 - Portfolio Value: $10078.82
2024-08-10 23:38:40,632 - Portfolio Value: $10078.91
2024-08-10 23:39:40,923 - Portfolio Value: $10080.68
2024-08-10 23:40:41,209 - Portfolio Value: $10080.56
2024-08-11 11:02:47,826 - Starting trading bot...
2024-08-11 11:02:48,510 - Portfolio Value: $10000.00
2024-08-11 11:03:48,844 - Portfolio Value: $10000.00
2024-08-11 11:04:49,125 - Portfolio Value: $10000.00
2024-08-11 11:05:49,398 - Portfolio Value: $10000.00
2024-08-11 11:06:49,676 - Portfolio Value: $10000.00
2024-08-11 11:07:49,952 - Portfolio Value: $10000.00
2024-08-11 11:08:50,309 - Portfolio Value: $10000.00
2024-08-11 11:09:50,622 - Portfolio Value: $10000.00
2024-08-11 11:10:50,937 - Portfolio Value: $10000.00
2024-08-11 11:12:09,913 - Starting trading bot...
2024-08-11 11:12:10,927 - Portfolio Value: $10000.00
