2024-06-01 17:13:39,289 Loaded preprocessed data from /Users/gorkemberkeyuksel/Documents/GitHub/Lunapki/crypto_trading_bot/Bot_Logs/fetches/preprocessed_data.csv
2024-06-01 17:15:11,642 Loaded preprocessed data from /Users/gorkemberkeyuksel/Documents/GitHub/Lunapki/crypto_trading_bot/Bot_Logs/fetches/preprocessed_data.csv
2024-06-01 17:15:12,741 Model trained with accuracy: 0.5454545454545454
2024-06-01 17:15:12,742 Precision: 0.512987012987013, Recall: 0.5895522388059702, F1 Score: 0.5486111111111112
2024-06-01 17:15:12,821 Model saved to /Users/gorkemberkeyuksel/Documents/GitHub/Lunapki/crypto_trading_bot/Bot_Logs/ensemble_model.pkl
2024-06-01 17:20:57,508 Model trained with accuracy: 0.5454545454545454
2024-06-01 17:20:57,510 Precision: 0.5714285714285714, Recall: 0.5562913907284768, F1 Score: 0.5637583892617449
2024-06-01 17:20:57,586 Model saved to /Users/gorkemberkeyuksel/Documents/GitHub/Lunapki/crypto_trading_bot/Bot_Logs/ensemble_model.pkl
2024-06-01 17:24:13,225 Model trained with accuracy: 0.5454545454545454
2024-06-01 17:24:13,227 Precision: 0.5714285714285714, Recall: 0.5562913907284768, F1 Score: 0.5637583892617449
2024-06-01 17:24:13,308 Model saved to /Users/gorkemberkeyuksel/Documents/GitHub/Lunapki/crypto_trading_bot/Bot_Logs/ensemble_model.pkl
2024-06-01 18:55:15,170 Loaded preprocessed data from /Users/gorkemberkeyuksel/Documents/GitHub/Lunapki/crypto_trading_bot/Bot_Logs/fetches/preprocessed_data.csv
2024-06-01 18:55:15,180 Error training model: could not convert string to float: '2024-05-31 21:14:00'
2024-06-01 18:57:57,742 Loaded preprocessed data from /Users/gorkemberkeyuksel/Documents/GitHub/Lunapki/crypto_trading_bot/Bot_Logs/fetches/preprocessed_data.csv
2024-06-01 18:57:58,649 RandomForest model trained and saved
2024-06-01 18:57:59,884 GradientBoosting model trained and saved
2024-06-01 18:58:00,304 AdaBoost model trained and saved
2024-06-01 18:58:00,529 LogisticRegression model trained and saved
2024-06-01 18:58:01,807 XGBoost model trained and saved
2024-06-01 18:58:02,545 LightGBM model trained and saved
2024-06-01 18:58:18,619 CatBoost model trained and saved
2024-06-01 18:59:14,131 Loaded preprocessed data from /Users/gorkemberkeyuksel/Documents/GitHub/Lunapki/crypto_trading_bot/Bot_Logs/fetches/preprocessed_data.csv
2024-06-01 18:59:15,260 RandomForest model trained and saved
2024-06-01 18:59:16,638 GradientBoosting model trained and saved
2024-06-01 18:59:17,077 AdaBoost model trained and saved
2024-06-01 18:59:17,129 LogisticRegression model trained and saved
2024-06-01 18:59:17,617 XGBoost model trained and saved
2024-06-01 18:59:17,955 LightGBM model trained and saved
2024-06-01 18:59:34,055 CatBoost model trained and saved
2024-06-01 18:59:46,850 Ensemble Model trained with accuracy: 0.5104895104895105
2024-06-01 18:59:46,850 Precision: 0.5416666666666666, Recall: 0.5131578947368421, F1 Score: 0.527027027027027
2024-06-01 18:59:47,268 Ensemble model saved
2024-06-01 19:02:38,130 Loaded preprocessed data from /Users/gorkemberkeyuksel/Documents/GitHub/Lunapki/crypto_trading_bot/Bot_Logs/fetches/preprocessed_data.csv
2024-06-01 19:02:39,050 RandomForest model trained and saved
2024-06-01 19:02:40,303 GradientBoosting model trained and saved
2024-06-01 19:02:40,690 AdaBoost model trained and saved
2024-06-01 19:02:40,728 LogisticRegression model trained and saved
2024-06-01 19:02:41,188 XGBoost model trained and saved
2024-06-01 19:02:41,450 LightGBM model trained and saved
2024-06-01 19:02:51,952 CatBoost model trained and saved
2024-06-01 19:03:03,934 Ensemble Model trained with accuracy: 0.5174825174825175
2024-06-01 19:03:03,934 Precision: 0.547945205479452, Recall: 0.5263157894736842, F1 Score: 0.5369127516778524
2024-06-01 19:03:04,335 Ensemble model saved
2024-06-01 19:16:47,022 Loaded preprocessed data from /Users/gorkemberkeyuksel/Documents/GitHub/Lunapki/crypto_trading_bot/Bot_Logs/fetches/preprocessed_data.csv
2024-06-01 19:16:48,980 RandomForest model trained and saved
2024-06-01 19:16:51,113 GradientBoosting model trained and saved
2024-06-01 19:16:51,499 AdaBoost model trained and saved
2024-06-01 19:16:51,547 LogisticRegression model trained and saved
2024-06-01 19:16:52,095 XGBoost model trained and saved
2024-06-01 19:16:52,432 LightGBM model trained and saved
2024-06-01 19:17:08,971 CatBoost model trained and saved
2024-06-01 19:17:21,009 Ensemble Model trained with accuracy: 0.534965034965035
2024-06-01 19:17:21,010 Precision: 0.5290322580645161, Recall: 0.5774647887323944, F1 Score: 0.5521885521885522
2024-06-01 19:17:21,403 Ensemble model saved
2024-06-01 19:25:44,503 Loaded preprocessed data from /Users/gorkemberkeyuksel/Documents/GitHub/Lunapki/crypto_trading_bot/Bot_Logs/fetches/preprocessed_data.csv
2024-06-01 19:25:45,673 RandomForest model trained and saved
2024-06-01 19:25:47,174 GradientBoosting model trained and saved
2024-06-01 19:25:47,622 AdaBoost model trained and saved
2024-06-01 19:25:47,787 LogisticRegression model trained and saved
2024-06-01 19:25:49,399 XGBoost model trained and saved
2024-06-01 19:25:49,921 LightGBM model trained and saved
2024-06-01 19:26:07,105 CatBoost model trained and saved
2024-06-01 19:26:20,353 Ensemble Model trained with accuracy: 0.4965034965034965
2024-06-01 19:26:20,353 Precision: 0.5170068027210885, Recall: 0.5100671140939598, F1 Score: 0.5135135135135135
2024-06-01 19:26:20,775 Ensemble model saved
2024-06-01 19:51:27,439 Loaded preprocessed data from /Users/gorkemberkeyuksel/Documents/GitHub/Lunapki/crypto_trading_bot/Bot_Logs/fetches/preprocessed_data.csv
2024-06-01 19:51:28,651 RandomForest model trained and saved
2024-06-01 19:51:30,278 GradientBoosting model trained and saved
2024-06-01 19:51:30,650 AdaBoost model trained and saved
2024-06-01 19:51:30,691 LogisticRegression model trained and saved
2024-06-01 19:51:31,073 XGBoost model trained and saved
2024-06-01 19:51:31,331 LightGBM model trained and saved
2024-06-01 19:51:48,215 CatBoost model trained and saved
2024-06-01 19:52:29,917 Ensemble Model trained with accuracy: 0.5104895104895105
2024-06-01 19:52:29,919 Precision: 0.5428571428571428, Recall: 0.5, F1 Score: 0.5205479452054794
2024-06-01 19:52:30,699 Ensemble model saved
2024-06-02 00:15:34,208 Loaded preprocessed data from /Users/gorkemberkeyuksel/Documents/GitHub/Lunapki/crypto_trading_bot/Bot_Logs/fetches/preprocessed_data.csv
2024-06-02 00:15:35,254 RandomForest model trained and saved
2024-06-02 00:15:36,395 GradientBoosting model trained and saved
2024-06-02 00:15:36,728 AdaBoost model trained and saved
2024-06-02 00:15:36,769 LogisticRegression model trained and saved
2024-06-02 00:15:37,091 XGBoost model trained and saved
2024-06-02 00:15:37,347 LightGBM model trained and saved
2024-06-02 00:15:50,656 CatBoost model trained and saved
2024-06-02 00:16:03,230 Ensemble Model trained with accuracy: 0.5034965034965035
2024-06-02 00:16:03,231 Precision: 0.5357142857142857, Recall: 0.4934210526315789, F1 Score: 0.5136986301369864
2024-06-02 00:16:03,591 Ensemble model saved
2024-06-02 00:41:04,562 Loaded preprocessed data from /Users/gorkemberkeyuksel/Documents/GitHub/Lunapki/crypto_trading_bot/Bot_Logs/fetches/preprocessed_data.csv
2024-06-02 00:41:05,565 RandomForest model trained and saved
2024-06-02 00:41:07,120 GradientBoosting model trained and saved
2024-06-02 00:41:07,505 AdaBoost model trained and saved
2024-06-02 00:41:07,559 LogisticRegression model trained and saved
2024-06-02 00:41:08,211 XGBoost model trained and saved
2024-06-02 00:41:08,468 LightGBM model trained and saved
2024-06-02 00:41:19,764 CatBoost model trained and saved
2024-06-02 00:41:37,256 Ensemble Model trained with accuracy: 0.513986013986014
2024-06-02 00:41:37,257 Precision: 0.5460992907801419, Recall: 0.506578947368421, F1 Score: 0.5255972696245734
2024-06-02 00:41:37,737 Ensemble model saved
2024-06-02 02:23:12,570 Loaded preprocessed data from /Users/gorkemberkeyuksel/Documents/GitHub/Lunapki/crypto_trading_bot/Bot_Logs/fetches/preprocessed_data.csv
2024-06-02 02:23:13,476 RandomForest model trained and saved
2024-06-02 02:23:14,643 GradientBoosting model trained and saved
2024-06-02 02:23:15,047 AdaBoost model trained and saved
2024-06-02 02:23:15,086 LogisticRegression model trained and saved
2024-06-02 02:23:15,399 XGBoost model trained and saved
2024-06-02 02:23:15,651 LightGBM model trained and saved
2024-06-02 02:23:27,633 CatBoost model trained and saved
2024-06-02 02:23:39,494 Ensemble Model trained with accuracy: 0.506993006993007
2024-06-02 02:23:39,494 Precision: 0.539568345323741, Recall: 0.4934210526315789, F1 Score: 0.5154639175257731
2024-06-02 02:23:39,876 Ensemble model saved
2024-06-02 02:37:17,765 Loaded preprocessed data from /Users/gorkemberkeyuksel/Documents/GitHub/Lunapki/crypto_trading_bot/Bot_Logs/fetches/preprocessed_data.csv
2024-06-02 02:37:19,131 RandomForest model trained and saved
2024-06-02 02:37:21,129 GradientBoosting model trained and saved
2024-06-02 02:37:21,654 AdaBoost model trained and saved
2024-06-02 02:37:22,849 LogisticRegression model trained and saved
2024-06-02 02:37:25,027 XGBoost model trained and saved
2024-06-02 02:37:27,110 LightGBM model trained and saved
2024-06-02 02:37:50,108 CatBoost model trained and saved
2024-06-02 02:38:04,176 Ensemble Model trained with accuracy: 0.5034965034965035
2024-06-02 02:38:04,176 Precision: 0.5357142857142857, Recall: 0.4934210526315789, F1 Score: 0.5136986301369864
2024-06-02 02:38:04,633 Ensemble model saved
2024-06-02 02:40:12,314 Loaded preprocessed data from /Users/gorkemberkeyuksel/Documents/GitHub/Lunapki/crypto_trading_bot/Bot_Logs/fetches/preprocessed_data.csv
2024-06-02 02:40:13,258 RandomForest model trained and saved
2024-06-02 02:40:14,591 GradientBoosting model trained and saved
2024-06-02 02:40:15,085 AdaBoost model trained and saved
2024-06-02 02:40:15,130 LogisticRegression model trained and saved
2024-06-02 02:40:15,533 XGBoost model trained and saved
2024-06-02 02:40:15,798 LightGBM model trained and saved
2024-06-02 02:40:26,332 CatBoost model trained and saved
2024-06-02 02:40:36,769 Ensemble Model trained with accuracy: 0.513986013986014
2024-06-02 02:40:36,769 Precision: 0.5460992907801419, Recall: 0.506578947368421, F1 Score: 0.5255972696245734
2024-06-02 02:40:37,138 Ensemble model saved
2024-06-02 05:43:40,999 Loaded preprocessed data from /Users/gorkemberkeyuksel/Documents/GitHub/Lunapki/crypto_trading_bot/Bot_Logs/fetches/preprocessed_data.csv
2024-06-02 05:43:41,955 RandomForest model trained and saved
2024-06-02 05:43:43,126 GradientBoosting model trained and saved
2024-06-02 05:43:43,566 AdaBoost model trained and saved
2024-06-02 05:43:43,625 LogisticRegression model trained and saved
2024-06-02 05:43:44,023 XGBoost model trained and saved
2024-06-02 05:43:44,342 LightGBM model trained and saved
2024-06-02 05:43:58,861 CatBoost model trained and saved
2024-06-02 05:44:13,548 Ensemble Model trained with accuracy: 0.5209790209790209
2024-06-02 05:44:13,548 Precision: 0.5531914893617021, Recall: 0.5131578947368421, F1 Score: 0.5324232081911263
2024-06-02 05:44:13,994 Ensemble model saved
